This is pdfTeX, Version 3.14159265-2.6-1.40.21 (TeX Live 2020/Debian) (preloaded format=pdflatex 2021.10.26)  5 MAY 2022 14:07
entering extended mode
 \write18 enabled.
 %&-line parsing enabled.
**litrev
(./litrev.tex
LaTeX2e <2020-10-01> patch level 4
L3 programming layer <2021-01-09> xparse <2020-03-03>
(/usr/share/texlive/texmf-dist/tex/latex/base/article.cls
Document Class: article 2020/04/10 v1.4m Standard LaTeX document class
(/usr/share/texlive/texmf-dist/tex/latex/base/size12.clo
File: size12.clo 2020/04/10 v1.4m Standard LaTeX file (size option)
)
\c@part=\count177
\c@section=\count178
\c@subsection=\count179
\c@subsubsection=\count180
\c@paragraph=\count181
\c@subparagraph=\count182
\c@figure=\count183
\c@table=\count184
\abovecaptionskip=\skip47
\belowcaptionskip=\skip48
\bibindent=\dimen138
)
(/usr/share/texlive/texmf-dist/tex/latex/base/inputenc.sty
Package: inputenc 2020/08/01 v1.3d Input encoding file
\inpenc@prehook=\toks15
\inpenc@posthook=\toks16
)
(/usr/share/texlive/texmf-dist/tex/latex/graphics/graphicx.sty
Package: graphicx 2020/09/09 v1.2b Enhanced LaTeX Graphics (DPC,SPQR)

(/usr/share/texlive/texmf-dist/tex/latex/graphics/keyval.sty
Package: keyval 2014/10/28 v1.15 key=value parser (DPC)
\KV@toks@=\toks17
)
(/usr/share/texlive/texmf-dist/tex/latex/graphics/graphics.sty
Package: graphics 2020/08/30 v1.4c Standard LaTeX Graphics (DPC,SPQR)

(/usr/share/texlive/texmf-dist/tex/latex/graphics/trig.sty
Package: trig 2016/01/03 v1.10 sin cos tan (DPC)
)
(/usr/share/texlive/texmf-dist/tex/latex/graphics-cfg/graphics.cfg
File: graphics.cfg 2016/06/04 v1.11 sample graphics configuration
)
Package graphics Info: Driver file: pdftex.def on input line 105.

(/usr/share/texlive/texmf-dist/tex/latex/graphics-def/pdftex.def
File: pdftex.def 2020/10/05 v1.2a Graphics/color driver for pdftex
))
\Gin@req@height=\dimen139
\Gin@req@width=\dimen140
)
(/usr/share/texlive/texmf-dist/tex/latex/epigraph/epigraph.sty
Package: epigraph 2020/01/02 v1.5e typesetting epigraphs

(/usr/share/texlive/texmf-dist/tex/latex/nextpage/nextpage.sty
Package: nextpage 2009/09/03 v1.1a additional page commands
)
\beforeepigraphskip=\skip49
\afterepigraphskip=\skip50
\epigraphwidth=\skip51
\epigraphrule=\skip52
)
(/usr/share/texlive/texmf-dist/tex/latex/bbold/bbold.sty
Package: bbold 1994/04/06 Bbold symbol package
)
(/usr/share/texlive/texmf-dist/tex/latex/amsmath/amsmath.sty
Package: amsmath 2020/09/23 v2.17i AMS math features
\@mathmargin=\skip53

For additional information on amsmath, use the `?' option.
(/usr/share/texlive/texmf-dist/tex/latex/amsmath/amstext.sty
Package: amstext 2000/06/29 v2.01 AMS text

(/usr/share/texlive/texmf-dist/tex/latex/amsmath/amsgen.sty
File: amsgen.sty 1999/11/30 v2.0 generic functions
\@emptytoks=\toks18
\ex@=\dimen141
))
(/usr/share/texlive/texmf-dist/tex/latex/amsmath/amsbsy.sty
Package: amsbsy 1999/11/29 v1.2d Bold Symbols
\pmbraise@=\dimen142
)
(/usr/share/texlive/texmf-dist/tex/latex/amsmath/amsopn.sty
Package: amsopn 2016/03/08 v2.02 operator names
)
\inf@bad=\count185
LaTeX Info: Redefining \frac on input line 234.
\uproot@=\count186
\leftroot@=\count187
LaTeX Info: Redefining \overline on input line 399.
\classnum@=\count188
\DOTSCASE@=\count189
LaTeX Info: Redefining \ldots on input line 496.
LaTeX Info: Redefining \dots on input line 499.
LaTeX Info: Redefining \cdots on input line 620.
\Mathstrutbox@=\box47
\strutbox@=\box48
\big@size=\dimen143
LaTeX Font Info:    Redeclaring font encoding OML on input line 743.
LaTeX Font Info:    Redeclaring font encoding OMS on input line 744.
\macc@depth=\count190
\c@MaxMatrixCols=\count191
\dotsspace@=\muskip16
\c@parentequation=\count192
\dspbrk@lvl=\count193
\tag@help=\toks19
\row@=\count194
\column@=\count195
\maxfields@=\count196
\andhelp@=\toks20
\eqnshift@=\dimen144
\alignsep@=\dimen145
\tagshift@=\dimen146
\tagwidth@=\dimen147
\totwidth@=\dimen148
\lineht@=\dimen149
\@envbody=\toks21
\multlinegap=\skip54
\multlinetaggap=\skip55
\mathdisplay@stack=\toks22
LaTeX Info: Redefining \[ on input line 2923.
LaTeX Info: Redefining \] on input line 2924.
)
(/usr/share/texlive/texmf-dist/tex/latex/mathtools/mathtools.sty
Package: mathtools 2020/03/24 v1.24 mathematical typesetting tools

(/usr/share/texlive/texmf-dist/tex/latex/tools/calc.sty
Package: calc 2017/05/25 v4.3 Infix arithmetic (KKT,FJ)
\calc@Acount=\count197
\calc@Bcount=\count198
\calc@Adimen=\dimen150
\calc@Bdimen=\dimen151
\calc@Askip=\skip56
\calc@Bskip=\skip57
LaTeX Info: Redefining \setlength on input line 80.
LaTeX Info: Redefining \addtolength on input line 81.
\calc@Ccount=\count199
\calc@Cskip=\skip58
)
(/usr/share/texlive/texmf-dist/tex/latex/mathtools/mhsetup.sty
Package: mhsetup 2017/03/31 v1.3 programming setup (MH)
)
LaTeX Info: Thecontrolsequence`\('isalreadyrobust on input line 130.
LaTeX Info: Thecontrolsequence`\)'isalreadyrobust on input line 130.
LaTeX Info: Thecontrolsequence`\['isalreadyrobust on input line 130.
LaTeX Info: Thecontrolsequence`\]'isalreadyrobust on input line 130.
\g_MT_multlinerow_int=\count266
\l_MT_multwidth_dim=\dimen152
\origjot=\skip59
\l_MT_shortvdotswithinadjustabove_dim=\dimen153
\l_MT_shortvdotswithinadjustbelow_dim=\dimen154
\l_MT_above_intertext_sep=\dimen155
\l_MT_below_intertext_sep=\dimen156
\l_MT_above_shortintertext_sep=\dimen157
\l_MT_below_shortintertext_sep=\dimen158
\xmathstrut@box=\box49
\xmathstrut@dim=\dimen159
)
(/usr/share/texlive/texmf-dist/tex/latex/hyperref/hyperref.sty
Package: hyperref 2020-05-15 v7.00e Hypertext links for LaTeX

(/usr/share/texlive/texmf-dist/tex/generic/ltxcmds/ltxcmds.sty
Package: ltxcmds 2020-05-10 v1.25 LaTeX kernel commands for general use (HO)
)
(/usr/share/texlive/texmf-dist/tex/generic/iftex/iftex.sty
Package: iftex 2020/03/06 v1.0d TeX engine tests
)
(/usr/share/texlive/texmf-dist/tex/generic/pdftexcmds/pdftexcmds.sty
Package: pdftexcmds 2020-06-27 v0.33 Utility functions of pdfTeX for LuaTeX (HO
)

(/usr/share/texlive/texmf-dist/tex/generic/infwarerr/infwarerr.sty
Package: infwarerr 2019/12/03 v1.5 Providing info/warning/error messages (HO)
)
Package pdftexcmds Info: \pdf@primitive is available.
Package pdftexcmds Info: \pdf@ifprimitive is available.
Package pdftexcmds Info: \pdfdraftmode found.
)
(/usr/share/texlive/texmf-dist/tex/generic/kvsetkeys/kvsetkeys.sty
Package: kvsetkeys 2019/12/15 v1.18 Key value parser (HO)
)
(/usr/share/texlive/texmf-dist/tex/generic/kvdefinekeys/kvdefinekeys.sty
Package: kvdefinekeys 2019-12-19 v1.6 Define keys (HO)
)
(/usr/share/texlive/texmf-dist/tex/generic/pdfescape/pdfescape.sty
Package: pdfescape 2019/12/09 v1.15 Implements pdfTeX's escape features (HO)
)
(/usr/share/texlive/texmf-dist/tex/latex/hycolor/hycolor.sty
Package: hycolor 2020-01-27 v1.10 Color options for hyperref/bookmark (HO)
)
(/usr/share/texlive/texmf-dist/tex/latex/letltxmacro/letltxmacro.sty
Package: letltxmacro 2019/12/03 v1.6 Let assignment for LaTeX macros (HO)
)
(/usr/share/texlive/texmf-dist/tex/latex/auxhook/auxhook.sty
Package: auxhook 2019-12-17 v1.6 Hooks for auxiliary files (HO)
)
(/usr/share/texlive/texmf-dist/tex/latex/kvoptions/kvoptions.sty
Package: kvoptions 2020-10-07 v3.14 Key value format for package options (HO)
)
\@linkdim=\dimen160
\Hy@linkcounter=\count267
\Hy@pagecounter=\count268

(/usr/share/texlive/texmf-dist/tex/latex/hyperref/pd1enc.def
File: pd1enc.def 2020-05-15 v7.00e Hyperref: PDFDocEncoding definition (HO)
Now handling font encoding PD1 ...
... no UTF-8 mapping file for font encoding PD1
)
(/usr/share/texlive/texmf-dist/tex/generic/intcalc/intcalc.sty
Package: intcalc 2019/12/15 v1.3 Expandable calculations with integers (HO)
)
(/usr/share/texlive/texmf-dist/tex/generic/etexcmds/etexcmds.sty
Package: etexcmds 2019/12/15 v1.7 Avoid name clashes with e-TeX commands (HO)
)
\Hy@SavedSpaceFactor=\count269
Package hyperref Info: Option `hyperfootnotes' set `false' on input line 4338.
Package hyperref Info: Hyper figures OFF on input line 4464.
Package hyperref Info: Link nesting OFF on input line 4469.
Package hyperref Info: Hyper index ON on input line 4472.
Package hyperref Info: Plain pages OFF on input line 4479.
Package hyperref Info: Backreferencing OFF on input line 4484.
Package hyperref Info: Implicit mode ON; LaTeX internals redefined.
Package hyperref Info: Bookmarks ON on input line 4717.
\c@Hy@tempcnt=\count270

(/usr/share/texlive/texmf-dist/tex/latex/url/url.sty
\Urlmuskip=\muskip17
Package: url 2013/09/16  ver 3.4  Verb mode for urls, etc.
)
LaTeX Info: Redefining \url on input line 5076.
\XeTeXLinkMargin=\dimen161

(/usr/share/texlive/texmf-dist/tex/generic/bitset/bitset.sty
Package: bitset 2019/12/09 v1.3 Handle bit-vector datatype (HO)

(/usr/share/texlive/texmf-dist/tex/generic/bigintcalc/bigintcalc.sty
Package: bigintcalc 2019/12/15 v1.5 Expandable calculations on big integers (HO
)
))
\Fld@menulength=\count271
\Field@Width=\dimen162
\Fld@charsize=\dimen163
Package hyperref Info: Hyper figures OFF on input line 6347.
Package hyperref Info: Link nesting OFF on input line 6352.
Package hyperref Info: Hyper index ON on input line 6355.
Package hyperref Info: backreferencing OFF on input line 6362.
Package hyperref Info: Link coloring OFF on input line 6367.
Package hyperref Info: Link coloring with OCG OFF on input line 6372.
Package hyperref Info: PDF/A mode OFF on input line 6377.
LaTeX Info: Redefining \ref on input line 6417.
LaTeX Info: Redefining \pageref on input line 6421.

(/usr/share/texlive/texmf-dist/tex/latex/base/atbegshi-ltx.sty
Package: atbegshi-ltx 2020/08/17 v1.0a Emulation of the original atbegshi packa
ge
with kernel methods
)
\Hy@abspage=\count272
\c@Item=\count273
)
Package hyperref Info: Driver (autodetected): hpdftex.

(/usr/share/texlive/texmf-dist/tex/latex/hyperref/hpdftex.def
File: hpdftex.def 2020-05-15 v7.00e Hyperref driver for pdfTeX

(/usr/share/texlive/texmf-dist/tex/latex/base/atveryend-ltx.sty
Package: atveryend-ltx 2020/08/19 v1.0a Emulation of the original atvery packag
e
with kernel methods
)
\Fld@listcount=\count274
\c@bookmark@seq@number=\count275

(/usr/share/texlive/texmf-dist/tex/latex/rerunfilecheck/rerunfilecheck.sty
Package: rerunfilecheck 2019/12/05 v1.9 Rerun checks for auxiliary files (HO)

(/usr/share/texlive/texmf-dist/tex/generic/uniquecounter/uniquecounter.sty
Package: uniquecounter 2019/12/15 v1.4 Provide unlimited unique counter (HO)
)
Package uniquecounter Info: New unique counter `rerunfilecheck' on input line 2
86.
)
\Hy@SectionHShift=\skip60
)
(/usr/share/texlive/texmf-dist/tex/latex/tools/tabularx.sty
Package: tabularx 2020/01/15 v2.11c `tabularx' package (DPC)

(/usr/share/texlive/texmf-dist/tex/latex/tools/array.sty
Package: array 2020/10/01 v2.5c Tabular extension package (FMi)
\col@sep=\dimen164
\ar@mcellbox=\box50
\extrarowheight=\dimen165
\NC@list=\toks23
\extratabsurround=\skip61
\backup@length=\skip62
\ar@cellbox=\box51
)
\TX@col@width=\dimen166
\TX@old@table=\dimen167
\TX@old@col=\dimen168
\TX@target=\dimen169
\TX@delta=\dimen170
\TX@cols=\count276
\TX@ftn=\toks24
)
(/usr/share/texlive/texmf-dist/tex/latex/siunitx/siunitx.sty
(/usr/share/texlive/texmf-dist/tex/latex/l3kernel/expl3.sty
Package: expl3 2021-01-09 L3 programming layer (loader) 

(/usr/share/texlive/texmf-dist/tex/latex/l3backend/l3backend-pdftex.def
File: l3backend-pdftex.def 2020-01-29 L3 backend support: PDF output (pdfTeX)
\l__color_backend_stack_int=\count277
\l__pdf_internal_box=\box52
))
(/usr/share/texlive/texmf-dist/tex/latex/l3packages/xparse/xparse.sty
Package: xparse 2020-10-27 L3 Experimental document command parser

(/usr/share/texlive/texmf-dist/tex/latex/l3packages/xparse/xparse-generic.tex))
Package: siunitx 2020/02/25 v2.8b A comprehensive (SI) units package
(/usr/share/texlive/texmf-dist/tex/latex/l3packages/l3keys2e/l3keys2e.sty
Package: l3keys2e 2020-10-27 LaTeX2e option processing using LaTeX3 keys
)
\l__siunitx_tmp_box=\box53
\l__siunitx_tmp_dim=\dimen171
\l__siunitx_tmp_int=\count278
\l__siunitx_number_mantissa_length_int=\count279
\l__siunitx_number_uncert_length_int=\count280
\l__siunitx_round_int=\count281
\l__siunitx_process_decimal_int=\count282
\l__siunitx_process_uncertainty_int=\count283
\l__siunitx_process_fixed_int=\count284
\l__siunitx_process_integer_min_int=\count285
\l__siunitx_process_precision_int=\count286
\l__siunitx_group_min_int=\count287
\l__siunitx_angle_marker_box=\box54
\l__siunitx_angle_unit_box=\box55
\l__siunitx_angle_marker_dim=\dimen172
\l__siunitx_angle_unit_dim=\dimen173
\l__siunitx_unit_int=\count288
\l__siunitx_unit_denominator_int=\count289
\l__siunitx_unit_numerator_int=\count290
\l__siunitx_unit_prefix_int=\count291
\l__siunitx_unit_prefix_base_int=\count292
\l__siunitx_unit_prefix_gram_int=\count293
\l__siunitx_number_product_int=\count294
\c__siunitx_one_fill_skip=\skip63
\l__siunitx_table_unit_align_skip=\skip64
\l__siunitx_table_exponent_dim=\dimen174
\l__siunitx_table_integer_dim=\dimen175
\l__siunitx_table_mantissa_dim=\dimen176
\l__siunitx_table_marker_dim=\dimen177
\l__siunitx_table_result_dim=\dimen178
\l__siunitx_table_uncert_dim=\dimen179
\l__siunitx_table_fill_pre_dim=\dimen180
\l__siunitx_table_fill_post_dim=\dimen181
\l__siunitx_table_fill_mid_dim=\dimen182
\l__siunitx_table_pre_box=\box56
\l__siunitx_table_post_box=\box57
\l__siunitx_table_mantissa_box=\box58
\l__siunitx_table_result_box=\box59
\l__siunitx_table_number_align_skip=\skip65
\l__siunitx_table_text_align_skip=\skip66

(/usr/share/texlive/texmf-dist/tex/latex/translator/translator.sty
Package: translator 2020-08-03 v1.12c Easy translation of strings in LaTeX
))
(/usr/share/texlive/texmf-dist/tex/latex/float/float.sty
Package: float 2001/11/08 v1.3d Float enhancements (AL)
\c@float@type=\count295
\float@exts=\toks25
\float@box=\box60
\@float@everytoks=\toks26
\@floatcapt=\box61
)
(/usr/share/texlive/texmf-dist/tex/latex/koma-script/scrextend.sty
Package: scrextend 2020/09/21 v3.32 KOMA-Script package (extend other classes w
ith features of KOMA-Script classes)

(/usr/share/texlive/texmf-dist/tex/latex/koma-script/scrkbase.sty
Package: scrkbase 2020/09/21 v3.32 KOMA-Script package (KOMA-Script-dependent b
asics and keyval usage)

(/usr/share/texlive/texmf-dist/tex/latex/koma-script/scrbase.sty
Package: scrbase 2020/09/21 v3.32 KOMA-Script package (KOMA-Script-independent 
basics and keyval usage)

(/usr/share/texlive/texmf-dist/tex/latex/koma-script/scrlfile.sty
Package: scrlfile 2020/09/21 v3.32 KOMA-Script package (file load hooks)

(/usr/share/texlive/texmf-dist/tex/latex/koma-script/scrlfile-hook.sty
Package: scrlfile-hook 2020/09/21 v3.32 KOMA-Script package (using LaTeX hooks)


(/usr/share/texlive/texmf-dist/tex/latex/koma-script/scrlogo.sty
Package: scrlogo 2020/09/21 v3.32 KOMA-Script package (logo)
))))))
(/usr/share/texlive/texmf-dist/tex/latex/tools/multicol.sty
Package: multicol 2019/12/09 v1.8y multicolumn formatting (FMi)
\c@tracingmulticols=\count296
\mult@box=\box62
\multicol@leftmargin=\dimen183
\c@unbalance=\count297
\c@collectmore=\count298
\doublecol@number=\count299
\multicoltolerance=\count300
\multicolpretolerance=\count301
\full@width=\dimen184
\page@free=\dimen185
\premulticols=\dimen186
\postmulticols=\dimen187
\multicolsep=\skip67
\multicolbaselineskip=\skip68
\partial@page=\box63
\last@line=\box64
\maxbalancingoverflow=\dimen188
\mult@rightbox=\box65
\mult@grightbox=\box66
\mult@gfirstbox=\box67
\mult@firstbox=\box68
\@tempa=\box69
\@tempa=\box70
\@tempa=\box71
\@tempa=\box72
\@tempa=\box73
\@tempa=\box74
\@tempa=\box75
\@tempa=\box76
\@tempa=\box77
\@tempa=\box78
\@tempa=\box79
\@tempa=\box80
\@tempa=\box81
\@tempa=\box82
\@tempa=\box83
\@tempa=\box84
\@tempa=\box85
\@tempa=\box86
\@tempa=\box87
\@tempa=\box88
\@tempa=\box89
\@tempa=\box90
\@tempa=\box91
\@tempa=\box92
\@tempa=\box93
\@tempa=\box94
\@tempa=\box95
\@tempa=\box96
\@tempa=\box97
\@tempa=\box98
\@tempa=\box99
\@tempa=\box100
\@tempa=\box101
\@tempa=\box102
\@tempa=\box103
\@tempa=\box104
\@tempa=\box105
\c@minrows=\count302
\c@columnbadness=\count303
\c@finalcolumnbadness=\count304
\last@try=\dimen189
\multicolovershoot=\dimen190
\multicolundershoot=\dimen191
\mult@nat@firstbox=\box106
\colbreak@box=\box107
\mc@col@check@num=\count305
)
(/usr/share/texlive/texmf-dist/tex/latex/graphics/lscape.sty
Package: lscape 2020/05/28 v3.02 Landscape Pages (DPC)
)
(/usr/share/texlive/texmf-dist/tex/latex/relsize/relsize.sty
Package: relsize 2013/03/29 ver 4.1
)
(/usr/share/texlive/texmf-dist/tex/latex/pgf/frontendlayer/tikz.sty
(/usr/share/texlive/texmf-dist/tex/latex/pgf/basiclayer/pgf.sty
(/usr/share/texlive/texmf-dist/tex/latex/pgf/utilities/pgfrcs.sty
(/usr/share/texlive/texmf-dist/tex/generic/pgf/utilities/pgfutil-common.tex
\pgfutil@everybye=\toks27
\pgfutil@tempdima=\dimen192
\pgfutil@tempdimb=\dimen193

(/usr/share/texlive/texmf-dist/tex/generic/pgf/utilities/pgfutil-common-lists.t
ex)) (/usr/share/texlive/texmf-dist/tex/generic/pgf/utilities/pgfutil-latex.def
\pgfutil@abb=\box108
) (/usr/share/texlive/texmf-dist/tex/generic/pgf/utilities/pgfrcs.code.tex
(/usr/share/texlive/texmf-dist/tex/generic/pgf/pgf.revision.tex)
Package: pgfrcs 2020/12/27 v3.1.8b (3.1.8b)
))
Package: pgf 2020/12/27 v3.1.8b (3.1.8b)

(/usr/share/texlive/texmf-dist/tex/latex/pgf/basiclayer/pgfcore.sty
(/usr/share/texlive/texmf-dist/tex/latex/pgf/systemlayer/pgfsys.sty
(/usr/share/texlive/texmf-dist/tex/generic/pgf/systemlayer/pgfsys.code.tex
Package: pgfsys 2020/12/27 v3.1.8b (3.1.8b)

(/usr/share/texlive/texmf-dist/tex/generic/pgf/utilities/pgfkeys.code.tex
\pgfkeys@pathtoks=\toks28
\pgfkeys@temptoks=\toks29

(/usr/share/texlive/texmf-dist/tex/generic/pgf/utilities/pgfkeysfiltered.code.t
ex
\pgfkeys@tmptoks=\toks30
))
\pgf@x=\dimen194
\pgf@y=\dimen195
\pgf@xa=\dimen196
\pgf@ya=\dimen197
\pgf@xb=\dimen198
\pgf@yb=\dimen199
\pgf@xc=\dimen256
\pgf@yc=\dimen257
\pgf@xd=\dimen258
\pgf@yd=\dimen259
\w@pgf@writea=\write3
\r@pgf@reada=\read2
\c@pgf@counta=\count306
\c@pgf@countb=\count307
\c@pgf@countc=\count308
\c@pgf@countd=\count309
\t@pgf@toka=\toks31
\t@pgf@tokb=\toks32
\t@pgf@tokc=\toks33
\pgf@sys@id@count=\count310
 (/usr/share/texlive/texmf-dist/tex/generic/pgf/systemlayer/pgf.cfg
File: pgf.cfg 2020/12/27 v3.1.8b (3.1.8b)
)
Driver file for pgf: pgfsys-pdftex.def

(/usr/share/texlive/texmf-dist/tex/generic/pgf/systemlayer/pgfsys-pdftex.def
File: pgfsys-pdftex.def 2020/12/27 v3.1.8b (3.1.8b)

(/usr/share/texlive/texmf-dist/tex/generic/pgf/systemlayer/pgfsys-common-pdf.de
f
File: pgfsys-common-pdf.def 2020/12/27 v3.1.8b (3.1.8b)
)))
(/usr/share/texlive/texmf-dist/tex/generic/pgf/systemlayer/pgfsyssoftpath.code.
tex
File: pgfsyssoftpath.code.tex 2020/12/27 v3.1.8b (3.1.8b)
\pgfsyssoftpath@smallbuffer@items=\count311
\pgfsyssoftpath@bigbuffer@items=\count312
)
(/usr/share/texlive/texmf-dist/tex/generic/pgf/systemlayer/pgfsysprotocol.code.
tex
File: pgfsysprotocol.code.tex 2020/12/27 v3.1.8b (3.1.8b)
)) (/usr/share/texlive/texmf-dist/tex/latex/xcolor/xcolor.sty
Package: xcolor 2016/05/11 v2.12 LaTeX color extensions (UK)

(/usr/share/texlive/texmf-dist/tex/latex/graphics-cfg/color.cfg
File: color.cfg 2016/01/02 v1.6 sample color configuration
)
Package xcolor Info: Driver file: pdftex.def on input line 225.
Package xcolor Info: Model `cmy' substituted by `cmy0' on input line 1348.
Package xcolor Info: Model `hsb' substituted by `rgb' on input line 1352.
Package xcolor Info: Model `RGB' extended on input line 1364.
Package xcolor Info: Model `HTML' substituted by `rgb' on input line 1366.
Package xcolor Info: Model `Hsb' substituted by `hsb' on input line 1367.
Package xcolor Info: Model `tHsb' substituted by `hsb' on input line 1368.
Package xcolor Info: Model `HSB' substituted by `hsb' on input line 1369.
Package xcolor Info: Model `Gray' substituted by `gray' on input line 1370.
Package xcolor Info: Model `wave' substituted by `hsb' on input line 1371.
)
(/usr/share/texlive/texmf-dist/tex/generic/pgf/basiclayer/pgfcore.code.tex
Package: pgfcore 2020/12/27 v3.1.8b (3.1.8b)

(/usr/share/texlive/texmf-dist/tex/generic/pgf/math/pgfmath.code.tex
(/usr/share/texlive/texmf-dist/tex/generic/pgf/math/pgfmathcalc.code.tex
(/usr/share/texlive/texmf-dist/tex/generic/pgf/math/pgfmathutil.code.tex)
(/usr/share/texlive/texmf-dist/tex/generic/pgf/math/pgfmathparser.code.tex
\pgfmath@dimen=\dimen260
\pgfmath@count=\count313
\pgfmath@box=\box109
\pgfmath@toks=\toks34
\pgfmath@stack@operand=\toks35
\pgfmath@stack@operation=\toks36
)
(/usr/share/texlive/texmf-dist/tex/generic/pgf/math/pgfmathfunctions.code.tex
(/usr/share/texlive/texmf-dist/tex/generic/pgf/math/pgfmathfunctions.basic.code
.tex)
(/usr/share/texlive/texmf-dist/tex/generic/pgf/math/pgfmathfunctions.trigonomet
ric.code.tex)
(/usr/share/texlive/texmf-dist/tex/generic/pgf/math/pgfmathfunctions.random.cod
e.tex)
(/usr/share/texlive/texmf-dist/tex/generic/pgf/math/pgfmathfunctions.comparison
.code.tex)
(/usr/share/texlive/texmf-dist/tex/generic/pgf/math/pgfmathfunctions.base.code.
tex)
(/usr/share/texlive/texmf-dist/tex/generic/pgf/math/pgfmathfunctions.round.code
.tex)
(/usr/share/texlive/texmf-dist/tex/generic/pgf/math/pgfmathfunctions.misc.code.
tex)
(/usr/share/texlive/texmf-dist/tex/generic/pgf/math/pgfmathfunctions.integerari
thmetics.code.tex)))
(/usr/share/texlive/texmf-dist/tex/generic/pgf/math/pgfmathfloat.code.tex
\c@pgfmathroundto@lastzeros=\count314
))
(/usr/share/texlive/texmf-dist/tex/generic/pgf/math/pgfint.code.tex)
(/usr/share/texlive/texmf-dist/tex/generic/pgf/basiclayer/pgfcorepoints.code.te
x
File: pgfcorepoints.code.tex 2020/12/27 v3.1.8b (3.1.8b)
\pgf@picminx=\dimen261
\pgf@picmaxx=\dimen262
\pgf@picminy=\dimen263
\pgf@picmaxy=\dimen264
\pgf@pathminx=\dimen265
\pgf@pathmaxx=\dimen266
\pgf@pathminy=\dimen267
\pgf@pathmaxy=\dimen268
\pgf@xx=\dimen269
\pgf@xy=\dimen270
\pgf@yx=\dimen271
\pgf@yy=\dimen272
\pgf@zx=\dimen273
\pgf@zy=\dimen274
)
(/usr/share/texlive/texmf-dist/tex/generic/pgf/basiclayer/pgfcorepathconstruct.
code.tex
File: pgfcorepathconstruct.code.tex 2020/12/27 v3.1.8b (3.1.8b)
\pgf@path@lastx=\dimen275
\pgf@path@lasty=\dimen276
)
(/usr/share/texlive/texmf-dist/tex/generic/pgf/basiclayer/pgfcorepathusage.code
.tex
File: pgfcorepathusage.code.tex 2020/12/27 v3.1.8b (3.1.8b)
\pgf@shorten@end@additional=\dimen277
\pgf@shorten@start@additional=\dimen278
)
(/usr/share/texlive/texmf-dist/tex/generic/pgf/basiclayer/pgfcorescopes.code.te
x
File: pgfcorescopes.code.tex 2020/12/27 v3.1.8b (3.1.8b)
\pgfpic=\box110
\pgf@hbox=\box111
\pgf@layerbox@main=\box112
\pgf@picture@serial@count=\count315
)
(/usr/share/texlive/texmf-dist/tex/generic/pgf/basiclayer/pgfcoregraphicstate.c
ode.tex
File: pgfcoregraphicstate.code.tex 2020/12/27 v3.1.8b (3.1.8b)
\pgflinewidth=\dimen279
)
(/usr/share/texlive/texmf-dist/tex/generic/pgf/basiclayer/pgfcoretransformation
s.code.tex
File: pgfcoretransformations.code.tex 2020/12/27 v3.1.8b (3.1.8b)
\pgf@pt@x=\dimen280
\pgf@pt@y=\dimen281
\pgf@pt@temp=\dimen282
)
(/usr/share/texlive/texmf-dist/tex/generic/pgf/basiclayer/pgfcorequick.code.tex
File: pgfcorequick.code.tex 2020/12/27 v3.1.8b (3.1.8b)
)
(/usr/share/texlive/texmf-dist/tex/generic/pgf/basiclayer/pgfcoreobjects.code.t
ex
File: pgfcoreobjects.code.tex 2020/12/27 v3.1.8b (3.1.8b)
)
(/usr/share/texlive/texmf-dist/tex/generic/pgf/basiclayer/pgfcorepathprocessing
.code.tex
File: pgfcorepathprocessing.code.tex 2020/12/27 v3.1.8b (3.1.8b)
)
(/usr/share/texlive/texmf-dist/tex/generic/pgf/basiclayer/pgfcorearrows.code.te
x
File: pgfcorearrows.code.tex 2020/12/27 v3.1.8b (3.1.8b)
\pgfarrowsep=\dimen283
)
(/usr/share/texlive/texmf-dist/tex/generic/pgf/basiclayer/pgfcoreshade.code.tex
File: pgfcoreshade.code.tex 2020/12/27 v3.1.8b (3.1.8b)
\pgf@max=\dimen284
\pgf@sys@shading@range@num=\count316
\pgf@shadingcount=\count317
)
(/usr/share/texlive/texmf-dist/tex/generic/pgf/basiclayer/pgfcoreimage.code.tex
File: pgfcoreimage.code.tex 2020/12/27 v3.1.8b (3.1.8b)

(/usr/share/texlive/texmf-dist/tex/generic/pgf/basiclayer/pgfcoreexternal.code.
tex
File: pgfcoreexternal.code.tex 2020/12/27 v3.1.8b (3.1.8b)
\pgfexternal@startupbox=\box113
))
(/usr/share/texlive/texmf-dist/tex/generic/pgf/basiclayer/pgfcorelayers.code.te
x
File: pgfcorelayers.code.tex 2020/12/27 v3.1.8b (3.1.8b)
)
(/usr/share/texlive/texmf-dist/tex/generic/pgf/basiclayer/pgfcoretransparency.c
ode.tex
File: pgfcoretransparency.code.tex 2020/12/27 v3.1.8b (3.1.8b)
)
(/usr/share/texlive/texmf-dist/tex/generic/pgf/basiclayer/pgfcorepatterns.code.
tex
File: pgfcorepatterns.code.tex 2020/12/27 v3.1.8b (3.1.8b)
)
(/usr/share/texlive/texmf-dist/tex/generic/pgf/basiclayer/pgfcorerdf.code.tex
File: pgfcorerdf.code.tex 2020/12/27 v3.1.8b (3.1.8b)
)))
(/usr/share/texlive/texmf-dist/tex/generic/pgf/modules/pgfmoduleshapes.code.tex
File: pgfmoduleshapes.code.tex 2020/12/27 v3.1.8b (3.1.8b)
\pgfnodeparttextbox=\box114
) (/usr/share/texlive/texmf-dist/tex/generic/pgf/modules/pgfmoduleplot.code.tex
File: pgfmoduleplot.code.tex 2020/12/27 v3.1.8b (3.1.8b)
)
(/usr/share/texlive/texmf-dist/tex/latex/pgf/compatibility/pgfcomp-version-0-65
.sty
Package: pgfcomp-version-0-65 2020/12/27 v3.1.8b (3.1.8b)
\pgf@nodesepstart=\dimen285
\pgf@nodesepend=\dimen286
)
(/usr/share/texlive/texmf-dist/tex/latex/pgf/compatibility/pgfcomp-version-1-18
.sty
Package: pgfcomp-version-1-18 2020/12/27 v3.1.8b (3.1.8b)
)) (/usr/share/texlive/texmf-dist/tex/latex/pgf/utilities/pgffor.sty
(/usr/share/texlive/texmf-dist/tex/latex/pgf/utilities/pgfkeys.sty
(/usr/share/texlive/texmf-dist/tex/generic/pgf/utilities/pgfkeys.code.tex))
(/usr/share/texlive/texmf-dist/tex/latex/pgf/math/pgfmath.sty
(/usr/share/texlive/texmf-dist/tex/generic/pgf/math/pgfmath.code.tex))
(/usr/share/texlive/texmf-dist/tex/generic/pgf/utilities/pgffor.code.tex
Package: pgffor 2020/12/27 v3.1.8b (3.1.8b)

(/usr/share/texlive/texmf-dist/tex/generic/pgf/math/pgfmath.code.tex)
\pgffor@iter=\dimen287
\pgffor@skip=\dimen288
\pgffor@stack=\toks37
\pgffor@toks=\toks38
))
(/usr/share/texlive/texmf-dist/tex/generic/pgf/frontendlayer/tikz/tikz.code.tex
Package: tikz 2020/12/27 v3.1.8b (3.1.8b)

(/usr/share/texlive/texmf-dist/tex/generic/pgf/libraries/pgflibraryplothandlers
.code.tex
File: pgflibraryplothandlers.code.tex 2020/12/27 v3.1.8b (3.1.8b)
\pgf@plot@mark@count=\count318
\pgfplotmarksize=\dimen289
)
\tikz@lastx=\dimen290
\tikz@lasty=\dimen291
\tikz@lastxsaved=\dimen292
\tikz@lastysaved=\dimen293
\tikz@lastmovetox=\dimen294
\tikz@lastmovetoy=\dimen295
\tikzleveldistance=\dimen296
\tikzsiblingdistance=\dimen297
\tikz@figbox=\box115
\tikz@figbox@bg=\box116
\tikz@tempbox=\box117
\tikz@tempbox@bg=\box118
\tikztreelevel=\count319
\tikznumberofchildren=\count320
\tikznumberofcurrentchild=\count321
\tikz@fig@count=\count322

(/usr/share/texlive/texmf-dist/tex/generic/pgf/modules/pgfmodulematrix.code.tex
File: pgfmodulematrix.code.tex 2020/12/27 v3.1.8b (3.1.8b)
\pgfmatrixcurrentrow=\count323
\pgfmatrixcurrentcolumn=\count324
\pgf@matrix@numberofcolumns=\count325
)
\tikz@expandcount=\count326

(/usr/share/texlive/texmf-dist/tex/generic/pgf/frontendlayer/tikz/libraries/tik
zlibrarytopaths.code.tex
File: tikzlibrarytopaths.code.tex 2020/12/27 v3.1.8b (3.1.8b)
)))
(/usr/share/texlive/texmf-dist/tex/latex/listings/listings.sty
\lst@mode=\count327
\lst@gtempboxa=\box119
\lst@token=\toks39
\lst@length=\count328
\lst@currlwidth=\dimen298
\lst@column=\count329
\lst@pos=\count330
\lst@lostspace=\dimen299
\lst@width=\dimen300
\lst@newlines=\count331
\lst@lineno=\count332
\lst@maxwidth=\dimen301

(/usr/share/texlive/texmf-dist/tex/latex/listings/lstmisc.sty
File: lstmisc.sty 2020/03/24 1.8d (Carsten Heinz)
\c@lstnumber=\count333
\lst@skipnumbers=\count334
\lst@framebox=\box120
)
(/usr/share/texlive/texmf-dist/tex/latex/listings/listings.cfg
File: listings.cfg 2020/03/24 1.8d listings configuration
))
Package: listings 2020/03/24 1.8d (Carsten Heinz)

(/usr/share/texlive/texmf-dist/tex/latex/setspace/setspace.sty
Package: setspace 2011/12/19 v6.7a set line spacing
)
(/usr/share/texlive/texmf-dist/tex/latex/subfig/subfig.sty
Package: subfig 2005/06/28 ver: 1.3 subfig package

(/usr/share/texlive/texmf-dist/tex/latex/caption/caption3.sty
Package: caption3 2020/10/21 v2.2e caption3 kernel (AR)
\captionmargin=\dimen302
\captionmargin@=\dimen303
\captionwidth=\dimen304
\caption@tempdima=\dimen305
\caption@indent=\dimen306
\caption@parindent=\dimen307
\caption@hangindent=\dimen308
Package caption Info: Standard document class detected.
)
\c@KVtest=\count335
\sf@farskip=\skip69
\sf@captopadj=\dimen309
\sf@capskip=\skip70
\sf@nearskip=\skip71
\c@subfigure=\count336
\c@subfigure@save=\count337
\c@lofdepth=\count338
\c@subtable=\count339
\c@subtable@save=\count340
\c@lotdepth=\count341
\sf@top=\skip72
\sf@bottom=\skip73
)
(/usr/share/texlive/texmf-dist/tex/latex/footmisc/footmisc.sty
Package: footmisc 2011/06/06 v5.5b a miscellany of footnote facilities
\FN@temptoken=\toks40
\footnotemargin=\dimen310
\c@pp@next@reset=\count342
Package footmisc Info: Declaring symbol style bringhurst on input line 855.
Package footmisc Info: Declaring symbol style chicago on input line 863.
Package footmisc Info: Declaring symbol style wiley on input line 872.
Package footmisc Info: Declaring symbol style lamport-robust on input line 883.

Package footmisc Info: Declaring symbol style lamport* on input line 903.
Package footmisc Info: Declaring symbol style lamport*-robust on input line 924
.
)
(/usr/share/texlive/texmf-dist/tex/latex/biblatex/biblatex.sty
Package: biblatex 2020/12/31 v3.16 programmable bibliographies (PK/MW)

(/usr/share/texlive/texmf-dist/tex/latex/etoolbox/etoolbox.sty
Package: etoolbox 2020/10/05 v2.5k e-TeX tools for LaTeX (JAW)
\etb@tempcnta=\count343
)
(/usr/share/texlive/texmf-dist/tex/latex/logreq/logreq.sty
Package: logreq 2010/08/04 v1.0 xml request logger
\lrq@indent=\count344

(/usr/share/texlive/texmf-dist/tex/latex/logreq/logreq.def
File: logreq.def 2010/08/04 v1.0 logreq spec v1.0
))
(/usr/share/texlive/texmf-dist/tex/latex/base/ifthen.sty
Package: ifthen 2014/09/29 v1.1c Standard LaTeX ifthen package (DPC)
)
\c@tabx@nest=\count345
\c@listtotal=\count346
\c@listcount=\count347
\c@liststart=\count348
\c@liststop=\count349
\c@citecount=\count350
\c@citetotal=\count351
\c@multicitecount=\count352
\c@multicitetotal=\count353
\c@instcount=\count354
\c@maxnames=\count355
\c@minnames=\count356
\c@maxitems=\count357
\c@minitems=\count358
\c@citecounter=\count359
\c@maxcitecounter=\count360
\c@savedcitecounter=\count361
\c@uniquelist=\count362
\c@uniquename=\count363
\c@refsection=\count364
\c@refsegment=\count365
\c@maxextratitle=\count366
\c@maxextratitleyear=\count367
\c@maxextraname=\count368
\c@maxextradate=\count369
\c@maxextraalpha=\count370
\c@abbrvpenalty=\count371
\c@highnamepenalty=\count372
\c@lownamepenalty=\count373
\c@maxparens=\count374
\c@parenlevel=\count375
\blx@tempcnta=\count376
\blx@tempcntb=\count377
\blx@tempcntc=\count378
\blx@maxsection=\count379
\blx@maxsegment@0=\count380
\blx@notetype=\count381
\blx@parenlevel@text=\count382
\blx@parenlevel@foot=\count383
\blx@sectionciteorder@0=\count384
\blx@entrysetcounter=\count385
\blx@biblioinstance=\count386
\labelnumberwidth=\skip74
\labelalphawidth=\skip75
\biblabelsep=\skip76
\bibitemsep=\skip77
\bibnamesep=\skip78
\bibinitsep=\skip79
\bibparsep=\skip80
\bibhang=\skip81
\blx@bcfin=\read3
\blx@bcfout=\write4
\blx@langwohyphens=\language86
\c@mincomprange=\count387
\c@maxcomprange=\count388
\c@mincompwidth=\count389
Package biblatex Info: Trying to load biblatex default data model...
Package biblatex Info: ... file 'blx-dm.def' found.

(/usr/share/texlive/texmf-dist/tex/latex/biblatex/blx-dm.def
File: blx-dm.def 2020/12/31 v3.16 biblatex localization (PK/MW)
)
Package biblatex Info: Trying to load biblatex style data model...
Package biblatex Info: ... file 'bath.dbx' found.
 (./bath.dbx
File: bath.dbx 2022/03/04 v5.0 Data model required by the biblatex-bath style
)
Package biblatex Info: Trying to load biblatex custom data model...
Package biblatex Info: ... file 'biblatex-dm.cfg' not found.
\c@afterword=\count390
\c@savedafterword=\count391
\c@annotator=\count392
\c@savedannotator=\count393
\c@author=\count394
\c@savedauthor=\count395
\c@bookauthor=\count396
\c@savedbookauthor=\count397
\c@commentator=\count398
\c@savedcommentator=\count399
\c@editor=\count400
\c@savededitor=\count401
\c@editora=\count402
\c@savededitora=\count403
\c@editorb=\count404
\c@savededitorb=\count405
\c@editorc=\count406
\c@savededitorc=\count407
\c@foreword=\count408
\c@savedforeword=\count409
\c@holder=\count410
\c@savedholder=\count411
\c@introduction=\count412
\c@savedintroduction=\count413
\c@namea=\count414
\c@savednamea=\count415
\c@nameb=\count416
\c@savednameb=\count417
\c@namec=\count418
\c@savednamec=\count419
\c@translator=\count420
\c@savedtranslator=\count421
\c@shortauthor=\count422
\c@savedshortauthor=\count423
\c@shorteditor=\count424
\c@savedshorteditor=\count425
\c@labelname=\count426
\c@savedlabelname=\count427
\c@institution=\count428
\c@savedinstitution=\count429
\c@lista=\count430
\c@savedlista=\count431
\c@listb=\count432
\c@savedlistb=\count433
\c@listc=\count434
\c@savedlistc=\count435
\c@listd=\count436
\c@savedlistd=\count437
\c@liste=\count438
\c@savedliste=\count439
\c@listf=\count440
\c@savedlistf=\count441
\c@location=\count442
\c@savedlocation=\count443
\c@organization=\count444
\c@savedorganization=\count445
\c@origlocation=\count446
\c@savedoriglocation=\count447
\c@origpublisher=\count448
\c@savedorigpublisher=\count449
\c@publisher=\count450
\c@savedpublisher=\count451
\c@language=\count452
\c@savedlanguage=\count453
\c@origlanguage=\count454
\c@savedoriglanguage=\count455
\c@pageref=\count456
\c@savedpageref=\count457
\shorthandwidth=\skip82
\shortjournalwidth=\skip83
\shortserieswidth=\skip84
\shorttitlewidth=\skip85
\shortauthorwidth=\skip86
\shorteditorwidth=\skip87
\locallabelnumberwidth=\skip88
\locallabelalphawidth=\skip89
\localshorthandwidth=\skip90
\localshortjournalwidth=\skip91
\localshortserieswidth=\skip92
\localshorttitlewidth=\skip93
\localshortauthorwidth=\skip94
\localshorteditorwidth=\skip95
Package biblatex Info: Trying to load compatibility code...
Package biblatex Info: ... file 'blx-compat.def' found.

(/usr/share/texlive/texmf-dist/tex/latex/biblatex/blx-compat.def
File: blx-compat.def 2020/12/31 v3.16 biblatex compatibility (PK/MW)
)
Package biblatex Info: Trying to load generic definitions...
Package biblatex Info: ... file 'biblatex.def' found.

(/usr/share/texlive/texmf-dist/tex/latex/biblatex/biblatex.def
File: biblatex.def 2020/12/31 v3.16 biblatex compatibility (PK/MW)
\c@textcitecount=\count458
\c@textcitetotal=\count459
\c@textcitemaxnames=\count460
\c@biburlbigbreakpenalty=\count461
\c@biburlbreakpenalty=\count462
\c@biburlnumpenalty=\count463
\c@biburlucpenalty=\count464
\c@biburllcpenalty=\count465
\biburlbigskip=\muskip18
\biburlnumskip=\muskip19
\biburlucskip=\muskip20
\biburllcskip=\muskip21
\c@smartand=\count466
)
Package biblatex Info: Trying to load bibliography style 'bath'...
Package biblatex Info: ... file 'bath.bbx' found.
 (./bath.bbx
File: bath.bbx 2022/03/04 v5.0 Biblography style as recommended by the Universi
ty of Bath Library

(/usr/share/texlive/texmf-dist/tex/latex/xpatch/xpatch.sty
Package: xpatch 2020/03/25 v0.3a Extending etoolbox patching commands
)
(/usr/share/texlive/texmf-dist/tex/generic/xstring/xstring.sty
(/usr/share/texlive/texmf-dist/tex/generic/xstring/xstring.tex
\integerpart=\count467
\decimalpart=\count468
)
Package: xstring 2019/02/06 v1.83 String manipulations (CT)
)
Package biblatex Info: Trying to load bibliography style 'authoryear'...
Package biblatex Info: ... file 'authoryear.bbx' found.

(/usr/share/texlive/texmf-dist/tex/latex/biblatex/bbx/authoryear.bbx
File: authoryear.bbx 2020/12/31 v3.16 biblatex bibliography style (PK/MW)
Package biblatex Info: Trying to load bibliography style 'standard'...
Package biblatex Info: ... file 'standard.bbx' found.

(/usr/share/texlive/texmf-dist/tex/latex/biblatex/bbx/standard.bbx
File: standard.bbx 2020/12/31 v3.16 biblatex bibliography style (PK/MW)
\c@bbx:relatedcount=\count469
\c@bbx:relatedtotal=\count470
))
Package biblatex Info: Delimiter 'nameyeardelim' in context '' already defined,
 overwriting.
Package biblatex Info: Delimiter 'nameyeardelim' in context 'bib' already defin
ed, overwriting.
Package biblatex Info: Delimiter 'nameyeardelim' in context 'biblist' already d
efined, overwriting.
Package biblatex Info: Delimiter 'nonameyeardelim' in context '' already define
d, overwriting.
Package biblatex Info: Delimiter 'nametitledelim' in context '' already defined
, overwriting.
Package biblatex Info: Delimiter 'nametitledelim' in context 'bib' already defi
ned, overwriting.
Package biblatex Info: Delimiter 'nametitledelim' in context 'biblist' already 
defined, overwriting.
)
Package biblatex Info: Trying to load citation style 'bath'...
Package biblatex Info: ... file 'bath.cbx' found.

(./bath.cbx
File: bath.cbx 2022/03/04 v5.0 Citation style as recommended by the University 
of Bath Library
Package biblatex Info: Trying to load citation style 'authoryear-comp'...
Package biblatex Info: ... file 'authoryear-comp.cbx' found.

(/usr/share/texlive/texmf-dist/tex/latex/biblatex/cbx/authoryear-comp.cbx
File: authoryear-comp.cbx 2020/12/31 v3.16 biblatex citation style (PK/MW)
Package biblatex Info: Redefining '\cite'.
Package biblatex Info: Redefining '\parencite'.
Package biblatex Info: Redefining '\footcite'.
Package biblatex Info: Redefining '\footcitetext'.
Package biblatex Info: Redefining '\smartcite'.
Package biblatex Info: Redefining '\textcite'.
Package biblatex Info: Redefining '\textcites'.
Package biblatex Info: Redefining '\cites'.
Package biblatex Info: Redefining '\parencites'.
Package biblatex Info: Redefining '\footcites'.
Package biblatex Info: Redefining '\footcitetexts'.
Package biblatex Info: Redefining '\smartcites'.
))
Package biblatex Info: Trying to load configuration file...
Package biblatex Info: ... file 'biblatex.cfg' found.

(/usr/share/texlive/texmf-dist/tex/latex/biblatex/biblatex.cfg
File: biblatex.cfg 
))
(/usr/share/texlive/texmf-dist/tex/latex/geometry/geometry.sty
Package: geometry 2020/01/02 v5.9 Page Geometry

(/usr/share/texlive/texmf-dist/tex/generic/iftex/ifvtex.sty
Package: ifvtex 2019/10/25 v1.7 ifvtex legacy package. Use iftex instead.
)
\Gm@cnth=\count471
\Gm@cntv=\count472
\c@Gm@tempcnt=\count473
\Gm@bindingoffset=\dimen311
\Gm@wd@mp=\dimen312
\Gm@odd@mp=\dimen313
\Gm@even@mp=\dimen314
\Gm@layoutwidth=\dimen315
\Gm@layoutheight=\dimen316
\Gm@layouthoffset=\dimen317
\Gm@layoutvoffset=\dimen318
\Gm@dimlist=\toks41
)
(/usr/share/texlive/texmf-dist/tex/latex/minted/minted.sty
Package: minted 2017/07/19 v2.5 Yet another Pygments shim for LaTeX

(/usr/share/texlive/texmf-dist/tex/latex/fvextra/fvextra.sty
Package: fvextra 2019/02/04 v1.4 fvextra - extensions and patches for fancyvrb

(/usr/share/texlive/texmf-dist/tex/latex/fancyvrb/fancyvrb.sty
Package: fancyvrb 2021/01/20 v3.7 verbatim text (tvz,hv)
\FV@CodeLineNo=\count474
\FV@InFile=\read4
\FV@TabBox=\box121
\c@FancyVerbLine=\count475
\FV@StepNumber=\count476
\FV@OutFile=\write5
)
(/usr/share/texlive/texmf-dist/tex/latex/upquote/upquote.sty
Package: upquote 2012/04/19 v1.3 upright-quote and grave-accent glyphs in verba
tim
)
(/usr/share/texlive/texmf-dist/tex/latex/lineno/lineno.sty
Package: lineno 2005/11/02 line numbers on paragraphs v4.41
\linenopenalty=\count477
\output=\toks42
\linenoprevgraf=\count478
\linenumbersep=\dimen319
\linenumberwidth=\dimen320
\c@linenumber=\count479
\c@pagewiselinenumber=\count480
\c@LN@truepage=\count481
\c@internallinenumber=\count482
\c@internallinenumbers=\count483
\quotelinenumbersep=\dimen321
\bframerule=\dimen322
\bframesep=\dimen323
\bframebox=\box122
LaTeX Info: Redefining \\ on input line 3056.
)
\c@FV@TrueTabGroupLevel=\count484
\c@FV@TrueTabCounter=\count485
\FV@TabBox@Group=\box123
\FV@TmpLength=\skip96
\c@FV@HighlightLinesStart=\count486
\c@FV@HighlightLinesStop=\count487
\FV@LoopCount=\count488
\FV@NCharsBox=\box124
\FV@BreakIndent=\dimen324
\FV@BreakIndentNChars=\count489
\FV@BreakSymbolSepLeft=\dimen325
\FV@BreakSymbolSepLeftNChars=\count490
\FV@BreakSymbolSepRight=\dimen326
\FV@BreakSymbolSepRightNChars=\count491
\FV@BreakSymbolIndentLeft=\dimen327
\FV@BreakSymbolIndentLeftNChars=\count492
\FV@BreakSymbolIndentRight=\dimen328
\FV@BreakSymbolIndentRightNChars=\count493
\c@FancyVerbLineBreakLast=\count494
\FV@LineBox=\box125
\FV@LineIndentBox=\box126
\FV@LineWidth=\dimen329
)
(/usr/share/texlive/texmf-dist/tex/latex/tools/shellesc.sty
Package: shellesc 2019/11/08 v1.0c unified shell escape interface for LaTeX
Package shellesc Info: Unrestricted shell escape enabled on input line 75.
)
(/usr/share/texlive/texmf-dist/tex/latex/ifplatform/ifplatform.sty
Package: ifplatform 2017/10/13 v0.4a Testing for the operating system

(/usr/share/texlive/texmf-dist/tex/generic/catchfile/catchfile.sty
Package: catchfile 2019/12/09 v1.8 Catch the contents of a file (HO)
)
(/usr/share/texlive/texmf-dist/tex/generic/iftex/ifluatex.sty
Package: ifluatex 2019/10/25 v1.5 ifluatex legacy package. Use iftex instead.
)
runsystem(uname -s > "litrev.w18")...executed.

 (./litrev.w18)
runsystem(rm -- "litrev.w18")...executed.

)
(/usr/share/texlive/texmf-dist/tex/latex/framed/framed.sty
Package: framed 2011/10/22 v 0.96: framed or shaded text with page breaks
\OuterFrameSep=\skip97
\fb@frw=\dimen330
\fb@frh=\dimen331
\FrameRule=\dimen332
\FrameSep=\dimen333
)
\minted@appexistsfile=\read5
\minted@bgbox=\box127
\minted@code=\write6
\c@minted@FancyVerbLineTemp=\count495
\c@minted@pygmentizecounter=\count496
\@float@every@listing=\toks43
\c@listing=\count497
)
(/usr/share/texlive/texmf-dist/tex/latex/listings/lstlang1.sty
File: lstlang1.sty 2020/03/24 1.8d listings language file
)
\@quotelevel=\count498
\@quotereset=\count499
runsystem(which pygmentize && touch litrev.aex)...executed.

runsystem(rm litrev.aex)...executed.

 (./litrev.aux)
\openout1 = `litrev.aux'.

LaTeX Font Info:    Checking defaults for OML/cmm/m/it on input line 90.
LaTeX Font Info:    ... okay on input line 90.
LaTeX Font Info:    Checking defaults for OMS/cmsy/m/n on input line 90.
LaTeX Font Info:    ... okay on input line 90.
LaTeX Font Info:    Checking defaults for OT1/cmr/m/n on input line 90.
LaTeX Font Info:    ... okay on input line 90.
LaTeX Font Info:    Checking defaults for T1/cmr/m/n on input line 90.
LaTeX Font Info:    ... okay on input line 90.
LaTeX Font Info:    Checking defaults for TS1/cmr/m/n on input line 90.
LaTeX Font Info:    ... okay on input line 90.
LaTeX Font Info:    Checking defaults for OMX/cmex/m/n on input line 90.
LaTeX Font Info:    ... okay on input line 90.
LaTeX Font Info:    Checking defaults for U/cmr/m/n on input line 90.
LaTeX Font Info:    ... okay on input line 90.
LaTeX Font Info:    Checking defaults for PD1/pdf/m/n on input line 90.
LaTeX Font Info:    ... okay on input line 90.

(/usr/share/texlive/texmf-dist/tex/context/base/mkii/supp-pdf.mkii
[Loading MPS to PDF converter (version 2006.09.02).]
\scratchcounter=\count500
\scratchdimen=\dimen334
\scratchbox=\box128
\nofMPsegments=\count501
\nofMParguments=\count502
\everyMPshowfont=\toks44
\MPscratchCnt=\count503
\MPscratchDim=\dimen335
\MPnumerator=\count504
\makeMPintoPDFobject=\count505
\everyMPtoPDFconversion=\toks45
) (/usr/share/texlive/texmf-dist/tex/latex/epstopdf-pkg/epstopdf-base.sty
Package: epstopdf-base 2020-01-24 v2.11 Base part for package epstopdf
Package epstopdf-base Info: Redefining graphics rule for `.eps' on input line 4
85.

(/usr/share/texlive/texmf-dist/tex/latex/latexconfig/epstopdf-sys.cfg
File: epstopdf-sys.cfg 2010/07/13 v1.3 Configuration of (r)epstopdf for TeX Liv
e
))
Package hyperref Info: Link coloring OFF on input line 90.

(/usr/share/texlive/texmf-dist/tex/latex/hyperref/nameref.sty
Package: nameref 2019/09/16 v2.46 Cross-referencing by name of section

(/usr/share/texlive/texmf-dist/tex/latex/refcount/refcount.sty
Package: refcount 2019/12/15 v3.6 Data extraction from label references (HO)
)
(/usr/share/texlive/texmf-dist/tex/generic/gettitlestring/gettitlestring.sty
Package: gettitlestring 2019/12/15 v1.6 Cleanup title references (HO)
)
\c@section@level=\count506
)
LaTeX Info: Redefining \ref on input line 90.
LaTeX Info: Redefining \pageref on input line 90.
LaTeX Info: Redefining \nameref on input line 90.

(./litrev.out) (./litrev.out)
\@outlinefile=\write7
\openout7 = `litrev.out'.


(/usr/share/texlive/texmf-dist/tex/latex/siunitx/siunitx-abbreviations.cfg
File: siunitx-abbreviations.cfg 2017/11/26 v2.7k siunitx: Abbreviated units
)
(/usr/share/texlive/texmf-dist/tex/latex/translator/translator-basic-dictionary
-English.dict
Dictionary: translator-basic-dictionary, Language: English 
) (/usr/share/texlive/texmf-dist/tex/latex/base/textcomp.sty
Package: textcomp 2020/02/02 v2.0n Standard LaTeX package
)
\c@lstlisting=\count507
Package caption Info: Begin \AtBeginDocument code.
Package caption Info: subfig package v1.3 is loaded.
Package caption Info: End \AtBeginDocument code.
Package biblatex Info: Trying to load language 'english' -> 'english-bath'...
Package biblatex Info: ... file 'english-bath.lbx' found.

(./english-bath.lbx
File: english-bath.lbx 2022/03/04 v5.0 Generic English conventions required by 
the biblatex-bath style
Package biblatex Info: Trying to load language 'english'...
Package biblatex Info: ... file 'english.lbx' found.

(/usr/share/texlive/texmf-dist/tex/latex/biblatex/lbx/english.lbx
File: english.lbx 2020/12/31 v3.16 biblatex localization (PK/MW)
)
Package biblatex Info: Trying to load language 'english'...
Package biblatex Info: ... file 'english.lbx' found.

(/usr/share/texlive/texmf-dist/tex/latex/biblatex/lbx/english.lbx
File: english.lbx 2020/12/31 v3.16 biblatex localization (PK/MW)
))
Package biblatex Info: Input encoding 'utf8' detected.
Package biblatex Info: Automatic encoding selection.
(biblatex)             Assuming data encoding 'utf8'.
Package biblatex Info: Document encoding is UTF8 ....
Package biblatex Info: ... and expl3
(biblatex)             2021-01-09 L3 programming layer (loader) 
(biblatex)             is new enough (at least 2020/04/06),
(biblatex)             setting 'casechanger=expl3'.

(/usr/share/texlive/texmf-dist/tex/latex/biblatex/blx-case-expl3.sty
Package: blx-case-expl3 2020/12/31 v3.16 expl3 case changing code for biblatex
)
\openout4 = `litrev.bcf'.

Package biblatex Info: Trying to load bibliographic data...
Package biblatex Info: ... file 'litrev.bbl' found.

(./litrev.bbl)
Package biblatex Info: Reference section=0 on input line 90.
Package biblatex Info: Reference segment=0 on input line 90.

*geometry* driver: auto-detecting
*geometry* detected driver: pdftex
*geometry* verbose mode - [ preamble ] result:
* driver: pdftex
* paper: <default>
* layout: <same size as paper>
* layoutoffset:(h,v)=(0.0pt,0.0pt)
* modes: 
* h-part:(L,W,R)=(72.26999pt, 469.75502pt, 72.26999pt)
* v-part:(T,H,B)=(72.26999pt, 650.43001pt, 72.26999pt)
* \paperwidth=614.295pt
* \paperheight=794.96999pt
* \textwidth=469.75502pt
* \textheight=650.43001pt
* \oddsidemargin=0.0pt
* \evensidemargin=0.0pt
* \topmargin=-37.0pt
* \headheight=12.0pt
* \headsep=25.0pt
* \topskip=12.0pt
* \footskip=30.0pt
* \marginparwidth=44.0pt
* \marginparsep=10.0pt
* \columnsep=10.0pt
* \skip\footins=10.8pt plus 4.0pt minus 2.0pt
* \hoffset=0.0pt
* \voffset=0.0pt
* \mag=1000
* \@twocolumnfalse
* \@twosidefalse
* \@mparswitchfalse
* \@reversemarginfalse
* (1in=72.27pt=25.4mm, 1cm=28.453pt)

Package hyperref Info: Option `pageanchor' set `false' on input line 92.
[1

{/var/lib/texmf/fonts/map/pdftex/updmap/pdftex.map}] [2]
Underfull \hbox (badness 2951) in paragraph at lines 103--103
\OT1/cmr/m/n/12 Attention is drawn to the fact that copy-right of this dis-ser-
ta-
 []


Underfull \hbox (badness 4634) in paragraph at lines 103--103
\OT1/cmr/m/n/12 tion rests with its au-thor. The In-tel-lec-tual Prop-erty Righ
ts
 []


Underfull \hbox (badness 2197) in paragraph at lines 103--103
\OT1/cmr/m/n/12 of the prod-ucts pro-duced as part of the project be-long to th
e
 []


Underfull \hbox (badness 10000) in paragraph at lines 103--103
\OT1/cmr/m/n/12 au-thor un-less oth-er-wise spec-i-fied be-low, in ac-cor-dance
 with
 []


Underfull \hbox (badness 10000) in paragraph at lines 103--103
\OT1/cmr/m/n/12 the Uni-ver-sity of Bath's pol-icy on in-tel-lec-tual prop-erty
 (see
 []


Underfull \hbox (badness 10000) in paragraph at lines 103--103
[]$\OT1/cmtt/m/n/12 https : / / www . bath . ac . uk / publications / universit
y-[]ordinances /
 []

[3]
Package hyperref Info: Option `pageanchor' set `true' on input line 106.
 [4] (./litrev.toc [5])
\tf@toc=\write8
\openout8 = `litrev.toc'.

 [6] (./litrev.lof)
\tf@lof=\write9
\openout9 = `litrev.lof'.

 [7] (./litrev.lot)
\tf@lot=\write10
\openout10 = `litrev.lot'.

 [8] [9]
Underfull \hbox (badness 10000) in paragraph at lines 132--137

 []


Underfull \hbox (badness 10000) in paragraph at lines 132--137

 []


Underfull \hbox (badness 10000) in paragraph at lines 139--142

 []


Underfull \hbox (badness 10000) in paragraph at lines 146--152

 []


Underfull \hbox (badness 10000) in paragraph at lines 146--152

 []


Underfull \hbox (badness 10000) in paragraph at lines 146--152

 []


Underfull \hbox (badness 10000) in paragraph at lines 146--152

 []


Underfull \hbox (badness 10000) in paragraph at lines 146--152

 []

[1] [2]
Underfull \hbox (badness 10000) in paragraph at lines 154--158

 []


Underfull \hbox (badness 10000) in paragraph at lines 154--158

 []


Underfull \hbox (badness 10000) in paragraph at lines 159--162

 []

LaTeX Font Info:    Trying to load font information for U+bbold on input line 1
68.
(/usr/share/texlive/texmf-dist/tex/latex/bbold/Ubbold.fd) [3]
Underfull \hbox (badness 10000) in paragraph at lines 177--179

 []

[4pdfTeX warning (ext4): destination with the same identifier (name{figure.1}) 
has been already used, duplicate ignored
<argument> ...shipout:D \box_use:N \l_shipout_box 
                                                  
l.216 \begin{itemize}
                     ]
Underfull \hbox (badness 10000) in paragraph at lines 244--246

 []


Underfull \hbox (badness 10000) in paragraph at lines 244--246

 []


Underfull \hbox (badness 10000) in paragraph at lines 244--246

 []

[5pdfTeX warning (ext4): destination with the same identifier (name{figure.2}) 
has been already used, duplicate ignored
<argument> ...shipout:D \box_use:N \l_shipout_box 
                                                  
l.246 \begin{addmargin}[2em]{0em}
                                 % 1em left, 2em right]
Underfull \hbox (badness 10000) in paragraph at lines 255--258

 []

<2.png, id=520, 458.71375pt x 187.70125pt>
File: 2.png Graphic file (type png)
<use 2.png>
Package pdftex.def Info: 2.png  used on input line 265.
(pdftex.def)             Requested size: 366.9715pt x 150.1612pt.
[6pdfTeX warning (ext4): destination with the same identifier (name{figure.3}) 
has been already used, duplicate ignored
<argument> ...shipout:D \box_use:N \l_shipout_box 
                                                  
l.274 \begin{equation}
                       <./2.png>]
Underfull \hbox (badness 10000) in paragraph at lines 276--279

 []


Underfull \hbox (badness 10000) in paragraph at lines 287--290

 []

[7]
Underfull \hbox (badness 10000) in paragraph at lines 294--297

 []

<3.png, id=562, 137.51375pt x 157.58875pt>
File: 3.png Graphic file (type png)
<use 3.png>
Package pdftex.def Info: 3.png  used on input line 301.
(pdftex.def)             Requested size: 96.25896pt x 110.31136pt.

Underfull \hbox (badness 10000) in paragraph at lines 305--315

 []


Underfull \hbox (badness 10000) in paragraph at lines 305--315

 []


Underfull \hbox (badness 10000) in paragraph at lines 305--315

 []


Underfull \hbox (badness 10000) in paragraph at lines 305--315

 []

[8pdfTeX warning (ext4): destination with the same identifier (name{figure.4}) 
has been already used, duplicate ignored
<argument> ...shipout:D \box_use:N \l_shipout_box 
                                                  
l.315 \end{figure}
                   <./3.png>]
<4.png, id=579, 245.91875pt x 127.47626pt>
File: 4.png Graphic file (type png)
<use 4.png>
Package pdftex.def Info: 4.png  used on input line 319.
(pdftex.def)             Requested size: 196.73524pt x 101.98112pt.

Underfull \hbox (badness 10000) in paragraph at lines 323--326

 []


Underfull \hbox (badness 10000) in paragraph at lines 323--326

 []


Underfull \hbox (badness 10000) in paragraph at lines 323--326

 []

[9pdfTeX warning (ext4): destination with the same identifier (name{figure.5}) 
has been already used, duplicate ignored
<argument> ...shipout:D \box_use:N \l_shipout_box 
                                                  
l.326 \begin{addmargin}[2em]{0em}
                                 % 1em left, 2em right <./4.png>]
Underfull \hbox (badness 10000) in paragraph at lines 332--333

 []


Underfull \hbox (badness 10000) in paragraph at lines 336--341

 []


Underfull \hbox (badness 10000) in paragraph at lines 336--341

 []

[10]
<5.png, id=625, 428.60126pt x 237.88875pt>
File: 5.png Graphic file (type png)
<use 5.png>
Package pdftex.def Info: 5.png  used on input line 351.
(pdftex.def)             Requested size: 385.73756pt x 214.09789pt.

Underfull \hbox (badness 10000) in paragraph at lines 343--354

 []


Underfull \hbox (badness 10000) in paragraph at lines 343--354

 []


Underfull \hbox (badness 10000) in paragraph at lines 343--354

 []


Underfull \hbox (badness 10000) in paragraph at lines 343--354

 []

[11]
Underfull \hbox (badness 10000) in paragraph at lines 355--357

 []

[12pdfTeX warning (ext4): destination with the same identifier (name{figure.6})
 has been already used, duplicate ignored
<argument> ...shipout:D \box_use:N \l_shipout_box 
                                                  
l.372 \begin{equation}
                       <./5.png>]
Underfull \hbox (badness 10000) in paragraph at lines 379--382

 []


Underfull \hbox (badness 10000) in paragraph at lines 398--401

 []

[13]
Underfull \hbox (badness 10000) in paragraph at lines 429--432

 []


Underfull \hbox (badness 10000) in paragraph at lines 441--447

 []


Underfull \hbox (badness 10000) in paragraph at lines 441--447

 []


Underfull \hbox (badness 10000) in paragraph at lines 441--447

 []


Underfull \hbox (badness 10000) in paragraph at lines 441--447

 []


Underfull \hbox (badness 10000) in paragraph at lines 441--447

 []

[14] [15]
<6.png, id=707, 227.85126pt x 207.77625pt>
File: 6.png Graphic file (type png)
<use 6.png>
Package pdftex.def Info: 6.png  used on input line 453.
(pdftex.def)             Requested size: 159.49478pt x 145.44237pt.
 [16pdfTeX warning (ext4): destination with the same identifier (name{figure.7}
) has been already used, duplicate ignored
<argument> ...shipout:D \box_use:N \l_shipout_box 
                                                  
l.458 \subsubsection
                    {Long Short-Term Memory (LSTM)}\label{lstms} <./6.png>]
<22.png, id=720, 569.12625pt x 87.32625pt>
File: 22.png Graphic file (type png)
<use 22.png>
Package pdftex.def Info: 22.png  used on input line 463.
(pdftex.def)             Requested size: 398.38567pt x 61.12794pt.

Underfull \hbox (badness 10000) in paragraph at lines 459--465

 []

<23.png, id=722, 569.12625pt x 328.22626pt>
File: 23.png Graphic file (type png)
<use 23.png>
Package pdftex.def Info: 23.png  used on input line 470.
(pdftex.def)             Requested size: 398.38567pt x 229.7568pt.

Underfull \hbox (badness 10000) in paragraph at lines 466--472

 []

[17pdfTeX warning (ext4): destination with the same identifier (name{figure.8})
 has been already used, duplicate ignored
<argument> ...shipout:D \box_use:N \l_shipout_box 
                                                  
l.473 W
       hich maps a sequence of $x$ values to a sequence of $o$ outputs with ...
 <./22.png>]
<24.png, id=733, 569.12625pt x 328.22626pt>
File: 24.png Graphic file (type png)
<use 24.png>
Package pdftex.def Info: 24.png  used on input line 476.
(pdftex.def)             Requested size: 398.38567pt x 229.7568pt.

Underfull \hbox (badness 10000) in paragraph at lines 480--482

 []

[18pdfTeX warning (ext4): destination with the same identifier (name{figure.9})
 has been already used, duplicate ignored
<argument> ...shipout:D \box_use:N \l_shipout_box 
                                                  
l.482 \subsection
                 {Policy Iteration}\label{polit}pdfTeX warning (ext4): destinat
ion with the same identifier (name{figure.10}) has been already used, duplicate
 ignored
<argument> ...shipout:D \box_use:N \l_shipout_box 
                                                  
l.482 \subsection
                 {Policy Iteration}\label{polit} <./23.png> <./24.png>]
Underfull \hbox (badness 10000) in paragraph at lines 483--493

 []


Underfull \hbox (badness 10000) in paragraph at lines 494--496

 []

<7.png, id=755, 217.81375pt x 217.81375pt>
File: 7.png Graphic file (type png)
<use 7.png>
Package pdftex.def Info: 7.png  used on input line 500.
(pdftex.def)             Requested size: 152.46857pt x 152.46857pt.
[19]
Underfull \hbox (badness 10000) in paragraph at lines 504--506

 []


Underfull \hbox (badness 10000) in paragraph at lines 510--512

 []


Underfull \hbox (badness 10000) in paragraph at lines 512--516

 []


Underfull \hbox (badness 10000) in paragraph at lines 512--516

 []

[20pdfTeX warning (ext4): destination with the same identifier (name{figure.11}
) has been already used, duplicate ignored
<argument> ...shipout:D \box_use:N \l_shipout_box 
                                                  
l.516 \begin{equation}
                       <./7.png>]
Underfull \hbox (badness 10000) in paragraph at lines 520--526

 []


Underfull \hbox (badness 10000) in paragraph at lines 520--526

 []


Underfull \hbox (badness 10000) in paragraph at lines 520--526

 []

[21]
Underfull \hbox (badness 10000) in paragraph at lines 527--529

 []

[22]
Underfull \hbox (badness 10000) in paragraph at lines 546--550

 []


Underfull \hbox (badness 10000) in paragraph at lines 568--571

 []

[23]
Underfull \hbox (badness 10000) in paragraph at lines 572--574

 []

[24]
Underfull \hbox (badness 10000) in paragraph at lines 617--622

 []


Underfull \hbox (badness 10000) in paragraph at lines 617--622

 []


Underfull \hbox (badness 10000) in paragraph at lines 617--622

 []

[25]
Underfull \hbox (badness 10000) in paragraph at lines 626--630

 []


Underfull \hbox (badness 10000) in paragraph at lines 626--630

 []

[26]
Underfull \hbox (badness 10000) in paragraph at lines 637--640

 []

[27]
Underfull \hbox (badness 10000) in paragraph at lines 646--649

 []


Underfull \hbox (badness 10000) in paragraph at lines 650--653

 []


Underfull \hbox (badness 10000) in paragraph at lines 650--653

 []

[28]
Underfull \hbox (badness 10000) in paragraph at lines 662--665

 []


Underfull \hbox (badness 10000) in paragraph at lines 668--670

 []

[29]
<8.png, id=945, 542.77782pt x 253.69781pt>
File: 8.png Graphic file (type png)
<use 8.png>
Package pdftex.def Info: 8.png  used on input line 682.
(pdftex.def)             Requested size: 379.94188pt x 177.58725pt.

Underfull \hbox (badness 10000) in paragraph at lines 676--685

 []

[30]
Underfull \hbox (badness 10000) in paragraph at lines 686--688

 []

[31pdfTeX warning (ext4): destination with the same identifier (name{figure.12}
) has been already used, duplicate ignored
<argument> ...shipout:D \box_use:N \l_shipout_box 
                                                  
l.708 \end{equation}
                     <./8.png (PNG copy)>]
<16.png, id=968, 354.32375pt x 239.89626pt>
File: 16.png Graphic file (type png)
<use 16.png>
Package pdftex.def Info: 16.png  used on input line 714.
(pdftex.def)             Requested size: 248.02492pt x 167.92622pt.

Underfull \hbox (badness 10000) in paragraph at lines 718--726

 []


Underfull \hbox (badness 10000) in paragraph at lines 718--726

 []


Underfull \hbox (badness 10000) in paragraph at lines 718--726

 []


Underfull \hbox (badness 10000) in paragraph at lines 718--726

 []


Underfull \hbox (badness 10000) in paragraph at lines 718--726

 []


Underfull \hbox (badness 10000) in paragraph at lines 718--726

 []


Underfull \hbox (badness 10000) in paragraph at lines 718--726

 []


Underfull \hbox (badness 10000) in paragraph at lines 718--726

 []

[32pdfTeX warning (ext4): destination with the same identifier (name{figure.13}
) has been already used, duplicate ignored
<argument> ...shipout:D \box_use:N \l_shipout_box 
                                                  
l.726 
       <./16.png>]
Underfull \hbox (badness 10000) in paragraph at lines 728--733

 []


Underfull \hbox (badness 10000) in paragraph at lines 728--733

 []

[33] [34]
Underfull \hbox (badness 10000) in paragraph at lines 747--749

 []


Underfull \hbox (badness 10000) in paragraph at lines 750--753

 []


Underfull \hbox (badness 10000) in paragraph at lines 750--753

 []

[35]
Underfull \hbox (badness 10000) in paragraph at lines 763--765

 []


Underfull \hbox (badness 10000) in paragraph at lines 763--765

 []

[36]
Underfull \hbox (badness 10000) in paragraph at lines 766--769

 []


Underfull \hbox (badness 10000) in paragraph at lines 766--769

 []


Underfull \hbox (badness 10000) in paragraph at lines 772--773

 []


Underfull \hbox (badness 10000) in paragraph at lines 772--773

 []

[37]
<9.png, id=1065, 462.528pt x 346.896pt>
File: 9.png Graphic file (type png)
<use 9.png>
Package pdftex.def Info: 9.png  used on input line 784.
(pdftex.def)             Requested size: 323.76738pt x 242.82553pt.
 [38]
<10.png, id=1074, 462.528pt x 346.896pt>
File: 10.png Graphic file (type png)
<use 10.png>
Package pdftex.def Info: 10.png  used on input line 794.
(pdftex.def)             Requested size: 277.51894pt x 208.13919pt.

Underfull \hbox (badness 10000) in paragraph at lines 790--797

 []

[39pdfTeX warning (ext4): destination with the same identifier (name{figure.14}
) has been already used, duplicate ignored
<argument> ...shipout:D \box_use:N \l_shipout_box 
                                                  
l.798 C
       learly, not all agents that performed well during evaluation did well...
 <./9.png>]
<18.png, id=1081, 462.528pt x 346.896pt>
File: 18.png Graphic file (type png)
<use 18.png>
Package pdftex.def Info: 18.png  used on input line 801.
(pdftex.def)             Requested size: 323.76738pt x 242.82553pt.
LaTeX Font Info:    Trying to load font information for OMS+cmr on input line 8
12.
 (/usr/share/texlive/texmf-dist/tex/latex/base/omscmr.fd
File: omscmr.fd 2019/12/16 v2.5j Standard LaTeX font definitions
)
LaTeX Font Info:    Font shape `OMS/cmr/m/n' in size <10.95> not available
(Font)              Font shape `OMS/cmsy/m/n' tried instead on input line 812.

Underfull \hbox (badness 10000) in paragraph at lines 805--820

 []

[40pdfTeX warning (ext4): destination with the same identifier (name{figure.15}
) has been already used, duplicate ignored
<argument> ...shipout:D \box_use:N \l_shipout_box 
                                                  
l.820 \end{figure}
                  pdfTeX warning (ext4): destination with the same identifier (
name{figure.16}) has been already used, duplicate ignored
<argument> ...shipout:D \box_use:N \l_shipout_box 
                                                  
l.820 \end{figure}
                   <./10.png> <./18.png>]
Underfull \hbox (badness 10000) in paragraph at lines 821--825

 []


Underfull \hbox (badness 10000) in paragraph at lines 821--825

 []

[41pdfTeX warning (ext4): destination with the same identifier (name{figure.17}
) has been already used, duplicate ignored
<argument> ...shipout:D \box_use:N \l_shipout_box 
                                                  
l.825 \subsubsection
                    {PPO Optimization Results}]
<15.png, id=1109, 462.528pt x 346.896pt>
File: 15.png Graphic file (type png)
<use 15.png>
Package pdftex.def Info: 15.png  used on input line 830.
(pdftex.def)             Requested size: 323.76738pt x 242.82553pt.

Underfull \hbox (badness 10000) in paragraph at lines 826--832

 []


Underfull \hbox (badness 10000) in paragraph at lines 833--856

 []


Underfull \hbox (badness 10000) in paragraph at lines 833--856

 []

[42pdfTeX warning (ext4): destination with the same identifier (name{figure.18}
) has been already used, duplicate ignored
<argument> ...shipout:D \box_use:N \l_shipout_box 
                                                  
l.856 \end{table}
                  <./15.png>]
Underfull \hbox (badness 10000) in paragraph at lines 858--862

 []


Underfull \hbox (badness 10000) in paragraph at lines 858--862

 []


Underfull \hbox (badness 10000) in paragraph at lines 858--862

 []

[43pdfTeX warning (ext4): destination with the same identifier (name{table.1}) 
has been already used, duplicate ignored
<argument> ...shipout:D \box_use:N \l_shipout_box 
                                                  
l.862 \subsubsection
                    {Discussion - PPO}]
<17.png, id=1124, 462.528pt x 346.896pt>
File: 17.png Graphic file (type png)
<use 17.png>
Package pdftex.def Info: 17.png  used on input line 866.
(pdftex.def)             Requested size: 323.76738pt x 242.82553pt.
 [44]
Underfull \hbox (badness 10000) in paragraph at lines 870--874

 []


Underfull \hbox (badness 10000) in paragraph at lines 870--874

 []

[45pdfTeX warning (ext4): destination with the same identifier (name{figure.19}
) has been already used, duplicate ignored
<argument> ...shipout:D \box_use:N \l_shipout_box 
                                                  
l.874 \subsubsection
                    {Follow-Up Experiment : State History with Larger Neural...
 <./17.png>]
<19.png, id=1138, 462.528pt x 346.896pt>
File: 19.png Graphic file (type png)
<use 19.png>
Package pdftex.def Info: 19.png  used on input line 878.
(pdftex.def)             Requested size: 323.76738pt x 242.82553pt.
 [46pdfTeX warning (ext4): destination with the same identifier (name{figure.20
}) has been already used, duplicate ignored
<argument> ...shipout:D \box_use:N \l_shipout_box 
                                                  
l.883 \subsubsection
                    {Discussion - DQN}\label{dqndiss} <./19.png>]
<28.png, id=1146, 462.528pt x 346.896pt>
File: 28.png Graphic file (type png)
<use 28.png>
Package pdftex.def Info: 28.png  used on input line 886.
(pdftex.def)             Requested size: 323.76738pt x 242.82553pt.

Underfull \hbox (badness 10000) in paragraph at lines 890--894

 []


Underfull \hbox (badness 10000) in paragraph at lines 890--894

 []


Underfull \hbox (badness 10000) in paragraph at lines 890--894

 []

[47pdfTeX warning (ext4): destination with the same identifier (name{figure.21}
) has been already used, duplicate ignored
<argument> ...shipout:D \box_use:N \l_shipout_box 
                                                  
l.894 \subsubsection
                    {Follow-up Experiment: DQN with Larger Neural Net}\label...
 <./28.png>]
<20.png, id=1162, 462.528pt x 346.896pt>
File: 20.png Graphic file (type png)
<use 20.png>
Package pdftex.def Info: 20.png  used on input line 900.
(pdftex.def)             Requested size: 323.76738pt x 242.82553pt.
 [48]
Underfull \hbox (badness 10000) in paragraph at lines 904--910

 []


Underfull \hbox (badness 10000) in paragraph at lines 904--910

 []


Underfull \hbox (badness 10000) in paragraph at lines 904--910

 []


Underfull \hbox (badness 10000) in paragraph at lines 904--910

 []


Underfull \hbox (badness 10000) in paragraph at lines 904--910

 []

[49pdfTeX warning (ext4): destination with the same identifier (name{figure.22}
) has been already used, duplicate ignored
<argument> ...shipout:D \box_use:N \l_shipout_box 
                                                  
l.910 \subsubsection
                    {Reward Function Design : Time-Based Negative Reward}\la...
 <./20.png>] [50]
<21.png, id=1187, 676.77844pt x 377.91188pt>
File: 21.png Graphic file (type png)
<use 21.png>
Package pdftex.def Info: 21.png  used on input line 927.
(pdftex.def)             Requested size: 270.70657pt x 151.16206pt.

Underfull \hbox (badness 10000) in paragraph at lines 922--929

 []


Underfull \hbox (badness 10000) in paragraph at lines 930--934

 []


Underfull \hbox (badness 10000) in paragraph at lines 930--934

 []

[51pdfTeX warning (ext4): destination with the same identifier (name{figure.23}
) has been already used, duplicate ignored
<argument> ...shipout:D \box_use:N \l_shipout_box 
                                                  
l.934 \subsubsection
                    {Reward Function Design : Score-Based Reward} <./21.png (PN
G copy)>]
Underfull \hbox (badness 10000) in paragraph at lines 945--948

 []


Underfull \hbox (badness 10000) in paragraph at lines 952--954

 []

[52]
<25.png, id=1204, 462.528pt x 346.896pt>
File: 25.png Graphic file (type png)
<use 25.png>
Package pdftex.def Info: 25.png  used on input line 958.
(pdftex.def)             Requested size: 323.76738pt x 242.82553pt.

Underfull \hbox (badness 10000) in paragraph at lines 962--963

 []


Underfull \hbox (badness 10000) in paragraph at lines 962--963

 []

[53pdfTeX warning (ext4): destination with the same identifier (name{figure.24}
) has been already used, duplicate ignored
<argument> ...shipout:D \box_use:N \l_shipout_box 
                                                  
l.963 
       <./25.png>]
<26.png, id=1213, 650.43pt x 361.35pt>
File: 26.png Graphic file (type png)
<use 26.png>
Package pdftex.def Info: 26.png  used on input line 968.
(pdftex.def)             Requested size: 281.85587pt x 156.5905pt.
<27.png, id=1215, 650.43pt x 361.35pt>
File: 27.png Graphic file (type png)
<use 27.png>
Package pdftex.def Info: 27.png  used on input line 972.
(pdftex.def)             Requested size: 281.85587pt x 156.5905pt.
 [54pdfTeX warning (ext4): destination with the same identifier (name{figure.25
}) has been already used, duplicate ignored
<argument> ...shipout:D \box_use:N \l_shipout_box 
                                                  
l.991 L
       ooking at our results in Table \ref{rewardresults}, some interesting ...
 <./26.png> <./27.png>]
Underfull \hbox (badness 10000) in paragraph at lines 991--993

 []

<29.png, id=1229, 462.528pt x 346.896pt>
File: 29.png Graphic file (type png)
<use 29.png>
Package pdftex.def Info: 29.png  used on input line 997.
(pdftex.def)             Requested size: 323.76738pt x 242.82553pt.
[55pdfTeX warning (ext4): destination with the same identifier (name{table.2}) 
has been already used, duplicate ignored
<argument> ...shipout:D \box_use:N \l_shipout_box 
                                                  
l.1000 S
        imilarly to PPO in Section \ref{pporeward} we see that score-based r...
]
Underfull \hbox (badness 10000) in paragraph at lines 1000--1015

 []


Underfull \hbox (badness 10000) in paragraph at lines 1000--1015

 []

[56pdfTeX warning (ext4): destination with the same identifier (name{figure.26}
) has been already used, duplicate ignored
<argument> ...shipout:D \box_use:N \l_shipout_box 
                                                  
l.1015 \end{table}
                   <./29.png>]
Underfull \hbox (badness 10000) in paragraph at lines 1017--1021

 []


Underfull \hbox (badness 10000) in paragraph at lines 1017--1021

 []


Underfull \hbox (badness 10000) in paragraph at lines 1017--1021

 []

[57pdfTeX warning (ext4): destination with the same identifier (name{table.3}) 
has been already used, duplicate ignored
<argument> ...shipout:D \box_use:N \l_shipout_box 
                                                  
l.1021 \begin{enumerate}
                        ]
Underfull \hbox (badness 10000) in paragraph at lines 1028--1032

 []


Underfull \hbox (badness 10000) in paragraph at lines 1028--1032

 []

[58]
Underfull \hbox (badness 10000) in paragraph at lines 1042--1046

 []


Underfull \hbox (badness 10000) in paragraph at lines 1042--1046

 []

[59]
<32.png, id=1297, 462.528pt x 346.896pt>
File: 32.png Graphic file (type png)
<use 32.png>
Package pdftex.def Info: 32.png  used on input line 1050.
(pdftex.def)             Requested size: 323.76738pt x 242.82553pt.

Underfull \hbox (badness 10000) in paragraph at lines 1053--1055

 []

[60pdfTeX warning (ext4): destination with the same identifier (name{figure.27}
) has been already used, duplicate ignored
<argument> ...shipout:D \box_use:N \l_shipout_box 
                                                  
l.1055 \subsubsection
                     {Discussion - DQN}\label{bootdqn} <./32.png>]
<33.png, id=1311, 462.528pt x 346.896pt>
File: 33.png Graphic file (type png)
<use 33.png>
Package pdftex.def Info: 33.png  used on input line 1061.
(pdftex.def)             Requested size: 323.76738pt x 242.82553pt.

Underfull \hbox (badness 10000) in paragraph at lines 1056--1063

 []


Underfull \hbox (badness 10000) in paragraph at lines 1056--1063

 []

[61]
Underfull \hbox (badness 10000) in paragraph at lines 1066--1068

 []

[62pdfTeX warning (ext4): destination with the same identifier (name{figure.28}
) has been already used, duplicate ignored
<argument> ...shipout:D \box_use:N \l_shipout_box 
                                                  
l.1068 \section
               {Limitations and Further Work}\label{limits} <./33.png>]
Underfull \hbox (badness 10000) in paragraph at lines 1069--1078

 []


Underfull \hbox (badness 10000) in paragraph at lines 1069--1078

 []


Underfull \hbox (badness 10000) in paragraph at lines 1069--1078

 []


Underfull \hbox (badness 10000) in paragraph at lines 1069--1078

 []


Underfull \hbox (badness 10000) in paragraph at lines 1069--1078

 []


Underfull \hbox (badness 10000) in paragraph at lines 1069--1078

 []


Underfull \hbox (badness 10000) in paragraph at lines 1069--1078

 []


Underfull \hbox (badness 10000) in paragraph at lines 1069--1078

 []

[63] [64]
Underfull \hbox (badness 10000) in paragraph at lines 1079--1083

 []


Underfull \hbox (badness 10000) in paragraph at lines 1079--1083

 []


Underfull \hbox (badness 10000) in paragraph at lines 1079--1083

 []

[65] [66] [67]
Overfull \hbox (11.28928pt too wide) in paragraph at lines 1086--1086
\OT1/cmr/m/n/12 con-vo-lu-tional net-works for ge-o-met-ric pat-tern recog-ni-t
ion. \OT1/cmr/m/it/12 Pro-ceed-ings of the ieee/cvf
 []

[68] [69]
Overfull \hbox (27.38345pt too wide) in paragraph at lines 1086--1086
\OT1/cmr/m/n/12 2018. Deep re-in-force-ment learn-ing and the deadly triad. \OT
1/cmr/m/it/12 Corr \OT1/cmr/m/n/12 [On-line], abs/1812.02648.
 []


Overfull \hbox (1.1852pt too wide) in paragraph at lines 1086--1086
\OT1/cmr/m/n/12 Learn-ing. Avail-able from: []$\OT1/cmtt/m/n/12 https : / / boo
ks . google . se / books ? id = ivK0DwAAQBAJ$[]\OT1/cmr/m/n/12 . 
 []

[70] [71]
Overfull \hbox (6.01752pt too wide) in paragraph at lines 1086--1086
\OT1/cmr/m/n/12 bed-dings with mul-ti-modal neu-ral lan-guage mod-els. \OT1/cmr
/m/it/12 Arxiv preprint arxiv:1411.2539\OT1/cmr/m/n/12 . 
 []

[72] [73]
Overfull \hbox (1.18283pt too wide) in paragraph at lines 1086--1086
[][]\OT1/cmr/m/n/12 Power, A., Burda, Y., Ed-wards, H., Babuschkin, I., and Mis
ra, V., 2022. Grokking:
 []

[74] [75] [76] [77] [78]
Overfull \hbox (7.80818pt too wide) in paragraph at lines 1089--1089
[]\OT1/cmr/bx/n/17.28 Optimization - Nav-i-gat-ing the Loss Land-scape 
 []

<30.png, id=1555, 1817.79124pt x 1404.24625pt>
File: 30.png Graphic file (type png)
<use 30.png>
Package pdftex.def Info: 30.png  used on input line 1093.
(pdftex.def)             Requested size: 272.65692pt x 210.62785pt.
<31.png, id=1557, 509.65407pt x 229.60782pt>
File: 31.png Graphic file (type png)
<use 31.png>
Package pdftex.def Info: 31.png  used on input line 1101.
(pdftex.def)             Requested size: 305.7948pt x 137.76575pt.

Underfull \hbox (badness 10000) in paragraph at lines 1097--1104

 []

[79pdfTeX warning (ext4): destination with the same identifier (name{figure.29}
) has been already used, duplicate ignored
<argument> ...shipout:D \box_use:N \l_shipout_box 
                                                  
l.1105 C
        learly, the correct network architecture can greatly simplify the lo...
 <./30.png>]
<12.png, id=1566, 462.528pt x 346.896pt>
File: 12.png Graphic file (type png)
<use 12.png>
Package pdftex.def Info: 12.png  used on input line 1109.
(pdftex.def)             Requested size: 323.76738pt x 242.82553pt.
 [80pdfTeX warning (ext4): destination with the same identifier (name{figure.30
}) has been already used, duplicate ignored
<argument> ...shipout:D \box_use:N \l_shipout_box 
                                                  
l.1115     \item E
                  pisode start - $min(H)=3$, $max(H)=-1$, $old\_potential= 1$pd
fTeX warning (ext4): destination with the same identifier (name{figure.31}) has
 been already used, duplicate ignored
<argument> ...shipout:D \box_use:N \l_shipout_box 
                                                  
l.1115     \item E
                  pisode start - $min(H)=3$, $max(H)=-1$, $old\_potential= 1$ <
./31.png (PNG copy)> <./12.png>]
Underfull \hbox (badness 10000) in paragraph at lines 1150--1154

 []


Underfull \hbox (badness 10000) in paragraph at lines 1150--1154

 []


Underfull \hbox (badness 10000) in paragraph at lines 1150--1154

 []

[81] [82]
Overfull \hbox (14.89726pt too wide) in paragraph at lines 1209--1211
\OT1/cmtt/m/n/10.95 drive . google . com / file / d / 1VZw _ uxotSQp4cJ-[]OZ8dO
BLLjnpoD6SEg / view ? usp = sharing$[] 
 []


Underfull \hbox (badness 10000) in paragraph at lines 1209--1211

 []

[83]
\openout5 = `litrev.pyg'.

runsystem(pygmentize -S default -f latex -P commandprefix=PYG > litrev.out.pyg)
...executed.

 (./litrev.out.pyg)
runsystem(pygmentize -S default -f latex -P commandprefix=PYGdefault > litrev.o
ut.pyg)...executed.

 (./litrev.out.pyg)
runsystem(pygmentize -l python -f latex -P commandprefix=PYG -F tokenmerge -o l
itrev.out.pyg litrev.pyg)...executed.

 (./litrev.out.pyg
LaTeX Font Info:    Font shape `OT1/cmtt/bx/n' in size <10.95> not available
(Font)              Font shape `OT1/cmtt/m/n' tried instead on input line 2.
 [84] [85]
Overfull \hbox (6.36833pt too wide) in paragraph at lines 175--175
[]\OT1/cmtt/m/n/10.95 self[][].[]env[].[]action_space[].[]n[]-[][]1[])|  
 []

[86] [87]
Overfull \hbox (6.36833pt too wide) in paragraph at lines 321--321
\OT1/cmtt/m/n/10.95 next_state_values[].[]detach()|  
 []


Overfull \hbox (0.61964pt too wide) in paragraph at lines 325--325
\OT1/cmtt/m/n/10.95 expected_state_action_values)|  
 []

[88]
Overfull \hbox (0.61964pt too wide) in paragraph at lines 418--418
[]\OT1/cmtt/m/n/10.95 sum[](pl_module[].[]epoch_rewards), 
 []

[89]) [90]
\openout5 = `litrev.pyg'.

runsystem(pygmentize -l python -f latex -P commandprefix=PYG -F tokenmerge -o l
itrev.out.pyg litrev.pyg)...executed.

 (./litrev.out.pyg [91] [92] [93]
Overfull \hbox (17.8657pt too wide) in paragraph at lines 303--303
[]\OT1/cmtt/m/n/10.95 range[]([]self[][].[]hparams[].[]epoch_steps):|  
 []


Overfull \hbox (17.8657pt too wide) in paragraph at lines 306--306
[]\OT1/cmtt/m/n/10.95 self[][].[]env[].[]step(action[].[]item())|  
 []

[94]
Overfull \hbox (0.61964pt too wide) in paragraph at lines 317--317
\OT1/cmtt/m/n/10.95 ([]self[][].[]hparams[].[]epoch_steps 
 []


Overfull \hbox (0.61964pt too wide) in paragraph at lines 333--333
[]\OT1/cmtt/m/n/10.95 sum[]([]self[][].[]ep_rewards))|  
 []


Overfull \hbox (0.61964pt too wide) in paragraph at lines 334--334
[]\OT1/cmtt/m/n/10.95 sum[]([]self[][].[]ep_rewards))|  
 []


Overfull \hbox (6.36833pt too wide) in paragraph at lines 341--341
[]\OT1/cmtt/m/n/10.95 zip[]([]self[][].[]batch_states,|  
 []

[95]
Overfull \hbox (6.36833pt too wide) in paragraph at lines 389--389
\OT1/cmtt/m/n/10.95 prog_bar[]=[][]True[],logger[]=[][]True[])|  
 []


Overfull \hbox (6.36833pt too wide) in paragraph at lines 391--391
\OT1/cmtt/m/n/10.95 loss[].[]unsqueeze([]0[])[].[]item()])|  
 []


Overfull \hbox (0.61964pt too wide) in paragraph at lines 396--396
[]\OT1/cmtt/m/n/10.95 self[][].[]crit_loss(state,val)|  
 []


Overfull \hbox (6.36833pt too wide) in paragraph at lines 399--399
\OT1/cmtt/m/n/10.95 loss[].[]unsqueeze([]0[])[].[]item()])|  
 []

[96]
Overfull \hbox (6.36833pt too wide) in paragraph at lines 435--435
\OT1/cmtt/m/n/10.95 os[].[]listdir([]^^Mlog/trainingvalsPPO/^^M[])|  
 []

) [97]
Underfull \hbox (badness 10000) in paragraph at lines 2153--2154

 []


Underfull \hbox (badness 10000) in paragraph at lines 2153--2154

 []

\openout5 = `litrev.pyg'.

runsystem(pygmentize -l text -f latex -P commandprefix=PYG -F tokenmerge -o lit
rev.out.pyg litrev.pyg)...executed.

(./litrev.out.pyg)
\openout5 = `litrev.pyg'.

runsystem(pygmentize -l text -f latex -P commandprefix=PYG -F tokenmerge -o lit
rev.out.pyg litrev.pyg)...executed.

 (./litrev.out.pyg [98])
\openout5 = `litrev.pyg'.

runsystem(pygmentize -l text -f latex -P commandprefix=PYG -F tokenmerge -o lit
rev.out.pyg litrev.pyg)...executed.

 (./litrev.out.pyg) [99]
(./litrev.aux)
Package rerunfilecheck Info: File `litrev.out' has not changed.
(rerunfilecheck)             Checksum: 20423C379BB139D935ECF34EB388025F;4358.
runsystem(rm litrev.pyg)...executed.

runsystem(rm litrev.out.pyg)...executed.

Package logreq Info: Writing requests to 'litrev.run.xml'.
\openout1 = `litrev.run.xml'.

 ) 
Here is how much of TeX's memory you used:
 35845 strings out of 479304
 711840 string characters out of 5869778
 1735597 words of memory out of 5000000
 51885 multiletter control sequences out of 15000+600000
 427404 words of font info for 117 fonts, out of 8000000 for 9000
 1141 hyphenation exceptions out of 8191
 111i,15n,116p,1891b,2349s stack positions out of 5000i,500n,10000p,200000b,80000s
{/usr/share/texmf/fonts/enc/dvips/cm-super/cm-super-ts1.enc}</usr/share/texli
ve/texmf-dist/fonts/type1/public/bbold-type1/bbold10.pfb></usr/share/texlive/te
xmf-dist/fonts/type1/public/amsfonts/cm/cmbx10.pfb></usr/share/texlive/texmf-di
st/fonts/type1/public/amsfonts/cm/cmbx12.pfb></usr/share/texlive/texmf-dist/fon
ts/type1/public/amsfonts/cm/cmbx8.pfb></usr/share/texlive/texmf-dist/fonts/type
1/public/amsfonts/cm/cmex10.pfb></usr/share/texlive/texmf-dist/fonts/type1/publ
ic/amsfonts/cm/cmitt10.pfb></usr/share/texlive/texmf-dist/fonts/type1/public/am
sfonts/cm/cmmi10.pfb></usr/share/texlive/texmf-dist/fonts/type1/public/amsfonts
/cm/cmmi12.pfb></usr/share/texlive/texmf-dist/fonts/type1/public/amsfonts/cm/cm
mi6.pfb></usr/share/texlive/texmf-dist/fonts/type1/public/amsfonts/cm/cmmi8.pfb
></usr/share/texlive/texmf-dist/fonts/type1/public/amsfonts/cm/cmmib10.pfb></us
r/share/texlive/texmf-dist/fonts/type1/public/amsfonts/cm/cmr10.pfb></usr/share
/texlive/texmf-dist/fonts/type1/public/amsfonts/cm/cmr12.pfb></usr/share/texliv
e/texmf-dist/fonts/type1/public/amsfonts/cm/cmr6.pfb></usr/share/texlive/texmf-
dist/fonts/type1/public/amsfonts/cm/cmr8.pfb></usr/share/texlive/texmf-dist/fon
ts/type1/public/amsfonts/cm/cmsy10.pfb></usr/share/texlive/texmf-dist/fonts/typ
e1/public/amsfonts/cm/cmsy6.pfb></usr/share/texlive/texmf-dist/fonts/type1/publ
ic/amsfonts/cm/cmsy8.pfb></usr/share/texlive/texmf-dist/fonts/type1/public/amsf
onts/cm/cmti10.pfb></usr/share/texlive/texmf-dist/fonts/type1/public/amsfonts/c
m/cmti12.pfb></usr/share/texlive/texmf-dist/fonts/type1/public/amsfonts/cm/cmtt
10.pfb></usr/share/texlive/texmf-dist/fonts/type1/public/amsfonts/cm/cmtt12.pfb
></usr/share/texmf/fonts/type1/public/cm-super/sfrm0700.pfb></usr/share/texmf/f
onts/type1/public/cm-super/sfrm0800.pfb></usr/share/texmf/fonts/type1/public/cm
-super/sfrm1095.pfb>
Output written on litrev.pdf (108 pages, 3262298 bytes).
PDF statistics:
 1930 PDF objects out of 2073 (max. 8388607)
 1718 compressed objects within 18 object streams
 515 named destinations out of 1000 (max. 500000)
 634 words of extra memory for PDF output out of 10000 (max. 10000000)

